#
# There is insufficient memory for the Java Runtime Environment to continue.
# Native memory allocation (malloc) failed to allocate 221776 bytes for Chunk::new
# Possible reasons:
#   The system is out of physical RAM or swap space
#   The process is running with CompressedOops enabled, and the Java Heap may be blocking the growth of the native heap
# Possible solutions:
#   Reduce memory load on the system
#   Increase physical memory or swap space
#   Check if swap backing store is full
#   Decrease Java heap size (-Xmx/-Xms)
#   Decrease number of Java threads
#   Decrease Java thread stack sizes (-Xss)
#   Set larger code cache with -XX:ReservedCodeCacheSize=
#   JVM is running with Unscaled Compressed Oops mode in which the Java heap is
#     placed in the first 4GB address space. The Java Heap base address is the
#     maximum limit for the native heap growth. Please use -XX:HeapBaseMinAddress
#     to set the Java Heap base and to place the Java Heap above 4GB virtual address.
# This output file may be truncated or incomplete.
#
#  Out of Memory Error (./open/src/hotspot/share/memory/arena.cpp:195), pid=11024, tid=8728
#
# JRE version: Java(TM) SE Runtime Environment (15.0.2+7) (build 15.0.2+7-27)
# Java VM: Java HotSpot(TM) 64-Bit Server VM (15.0.2+7-27, mixed mode, sharing, tiered, compressed oops, g1 gc, windows-amd64)
# No core dump will be written. Minidumps are not enabled by default on client versions of Windows
#

---------------  S U M M A R Y ------------

Command Line: -Dfile.encoding=UTF-8 travel.management.system.HotelDetail

Host: Intel(R) Core(TM) i5-5300U CPU @ 2.30GHz, 4 cores, 7G,  Windows 10 , 64 bit Build 19041 (10.0.19041.928)
Time: Mon Apr 19 03:30:59 2021 Pakistan Standard Time elapsed time: 1.506192 seconds (0d 0h 0m 1s)

---------------  T H R E A D  ---------------

Current thread (0x000002b8b67042b0):  JavaThread "C2 CompilerThread0" daemon [_thread_in_native, id=8728, stack(0x000000f303c00000,0x000000f303d00000)]


Current CompileTask:
C2:   1506 1007       4       java.util.Properties$LineReader::readLine (584 bytes)

Stack: [0x000000f303c00000,0x000000f303d00000]
Native frames: (J=compiled Java code, j=interpreted, Vv=VM code, C=native code)
V  [jvm.dll+0x62ae9a]
V  [jvm.dll+0x7817a9]
V  [jvm.dll+0x782f03]
V  [jvm.dll+0x783563]
V  [jvm.dll+0x216325]
V  [jvm.dll+0x97f3a]
V  [jvm.dll+0x9861c]
V  [jvm.dll+0x279f9f]
V  [jvm.dll+0x540794]
V  [jvm.dll+0x1f3124]
V  [jvm.dll+0x1ecaf1]
V  [jvm.dll+0x1e9867]
V  [jvm.dll+0x178567]
V  [jvm.dll+0x1f9225]
V  [jvm.dll+0x1f72cc]
V  [jvm.dll+0x74495d]
V  [jvm.dll+0x73d75a]
V  [jvm.dll+0x629c56]
C  [ucrtbase.dll+0x21bb2]
C  [KERNEL32.DLL+0x17034]
C  [ntdll.dll+0x52651]


---------------  P R O C E S S  ---------------

Threads class SMR info:
_java_thread_list=0x000002b8b7fb8440, length=17, elements={
0x000002b8964fe770, 0x000002b8b66e90a0, 0x000002b8b66e9c70, 0x000002b8b66feea0,
0x000002b8b6701960, 0x000002b8b6703420, 0x000002b8b67042b0, 0x000002b8b6708d70,
0x000002b8b6715450, 0x000002b8b7136f10, 0x000002b8b7156220, 0x000002b8b739b030,
0x000002b8b739dfc0, 0x000002b8b73a2f60, 0x000002b8b73f25b0, 0x000002b8b742db00,
0x000002b8b809a480
}

Java Threads: ( => current thread )
  0x000002b8964fe770 JavaThread "main" [_thread_blocked, id=7008, stack(0x000000f303000000,0x000000f303100000)]
  0x000002b8b66e90a0 JavaThread "Reference Handler" daemon [_thread_blocked, id=10040, stack(0x000000f303700000,0x000000f303800000)]
  0x000002b8b66e9c70 JavaThread "Finalizer" daemon [_thread_blocked, id=12936, stack(0x000000f303800000,0x000000f303900000)]
  0x000002b8b66feea0 JavaThread "Signal Dispatcher" daemon [_thread_blocked, id=18060, stack(0x000000f303900000,0x000000f303a00000)]
  0x000002b8b6701960 JavaThread "Attach Listener" daemon [_thread_blocked, id=18064, stack(0x000000f303a00000,0x000000f303b00000)]
  0x000002b8b6703420 JavaThread "Service Thread" daemon [_thread_blocked, id=18056, stack(0x000000f303b00000,0x000000f303c00000)]
=>0x000002b8b67042b0 JavaThread "C2 CompilerThread0" daemon [_thread_in_native, id=8728, stack(0x000000f303c00000,0x000000f303d00000)]
  0x000002b8b6708d70 JavaThread "C1 CompilerThread0" daemon [_thread_blocked, id=8588, stack(0x000000f303d00000,0x000000f303e00000)]
  0x000002b8b6715450 JavaThread "Sweeper thread" daemon [_thread_blocked, id=18132, stack(0x000000f303e00000,0x000000f303f00000)]
  0x000002b8b7136f10 JavaThread "Notification Thread" daemon [_thread_blocked, id=9656, stack(0x000000f303f00000,0x000000f304000000)]
  0x000002b8b7156220 JavaThread "Common-Cleaner" daemon [_thread_blocked, id=14828, stack(0x000000f304100000,0x000000f304200000)]
  0x000002b8b739b030 JavaThread "Java2D Disposer" daemon [_thread_blocked, id=11376, stack(0x000000f304200000,0x000000f304300000)]
  0x000002b8b739dfc0 JavaThread "AWT-Shutdown" [_thread_blocked, id=14452, stack(0x000000f304300000,0x000000f304400000)]
  0x000002b8b73a2f60 JavaThread "AWT-Windows" daemon [_thread_in_native, id=17848, stack(0x000000f304400000,0x000000f304500000)]
  0x000002b8b73f25b0 JavaThread "AWT-EventQueue-0" [_thread_blocked, id=9720, stack(0x000000f304500000,0x000000f304600000)]
  0x000002b8b742db00 JavaThread "Image Fetcher 0" daemon [_thread_blocked, id=15380, stack(0x000000f304600000,0x000000f304700000)]
  0x000002b8b809a480 JavaThread "mysql-cj-abandoned-connection-cleanup" daemon [_thread_blocked, id=13404, stack(0x000000f304a00000,0x000000f304b00000)]

Other Threads:
  0x000002b8b66e4810 VMThread "VM Thread" [stack: 0x000000f303600000,0x000000f303700000] [id=812]
  0x000002b8b71393f0 WatcherThread [stack: 0x000000f304000000,0x000000f304100000] [id=17776]
  0x000002b89653ddb0 GCTaskThread "GC Thread#0" [stack: 0x000000f303100000,0x000000f303200000] [id=17528]
  0x000002b8b7fe9d00 GCTaskThread "GC Thread#1" [stack: 0x000000f304700000,0x000000f304800000] [id=13920]
  0x000002b8b7fe9370 GCTaskThread "GC Thread#2" [stack: 0x000000f304800000,0x000000f304900000] [id=17492]
  0x000002b8b7feacf0 GCTaskThread "GC Thread#3" [stack: 0x000000f304900000,0x000000f304a00000] [id=17496]
  0x000002b89654fc50 ConcurrentGCThread "G1 Main Marker" [stack: 0x000000f303200000,0x000000f303300000] [id=10440]
  0x000002b896550fe0 ConcurrentGCThread "G1 Conc#0" [stack: 0x000000f303300000,0x000000f303400000] [id=236]
  0x000002b8965dd5a0 ConcurrentGCThread "G1 Refine#0" [stack: 0x000000f303400000,0x000000f303500000] [id=5364]
  0x000002b8965de1a0 ConcurrentGCThread "G1 Young RemSet Sampling" [stack: 0x000000f303500000,0x000000f303600000] [id=7324]

Threads with active compile tasks:
C2 CompilerThread0     1972 1007       4       java.util.Properties$LineReader::readLine (584 bytes)

VM state: at safepoint (normal execution)

VM Mutex/Monitor currently owned by a thread:  ([mutex/lock_event])
[0x000002b8964fb290] Threads_lock - owner thread: 0x000002b8b66e4810
[0x000002b8964fb0e0] Heap_lock - owner thread: 0x000002b8964fe770

Heap address: 0x0000000081e00000, size: 2018 MB, Compressed Oops mode: 32-bit
CDS archive(s) mapped at: [0x0000000800000000-0x0000000800b50000-0x0000000800b50000), size 11862016, SharedBaseAddress: 0x0000000800000000, ArchiveRelocationMode: 0.
Compressed class space mapped at: 0x0000000800b50000-0x0000000840b50000, size: 1073741824
Narrow klass base: 0x0000000800000000, Narrow klass shift: 3, Narrow klass range: 0x100000000

GC Precious Log:
 CPUs: 4 total, 4 available
 Memory: 8067M
 Large Page Support: Disabled
 NUMA Support: Disabled
 Compressed Oops: Enabled (32-bit)
 Heap Region Size: 1M
 Heap Min Capacity: 8M
 Heap Initial Capacity: 128M
 Heap Max Capacity: 2018M
 Pre-touch: Disabled
 Parallel Workers: 4
 Concurrent Workers: 1
 Concurrent Refinement Workers: 4
 Periodic GC: Disabled

Heap:
 garbage-first heap   total 131072K, used 16923K [0x0000000081e00000, 0x0000000100000000)
  region size 1024K, 3 young (3072K), 3 survivors (3072K)
 Metaspace       used 10813K, capacity 11022K, committed 11136K, reserved 1071104K
  class space    used 1233K, capacity 1324K, committed 1408K, reserved 1048576K

Heap Regions: E=young(eden), S=young(survivor), O=old, HS=humongous(starts), HC=humongous(continues), CS=collection set, F=free, OA=open archive, CA=closed archive, TAMS=top-at-mark-start (previous, next)
|   0|0x0000000081e00000, 0x0000000081f00000, 0x0000000081f00000|100%|HS|  |TAMS 0x0000000081e00000, 0x0000000081f00000| Complete 
|   1|0x0000000081f00000, 0x0000000082000000, 0x0000000082000000|100%|HC|  |TAMS 0x0000000081f00000, 0x0000000082000000| Complete 
|   2|0x0000000082000000, 0x0000000082100000, 0x0000000082100000|100%|HC|  |TAMS 0x0000000082000000, 0x0000000082100000| Complete 
|   3|0x0000000082100000, 0x0000000082200000, 0x0000000082200000|100%|HC|  |TAMS 0x0000000082100000, 0x0000000082200000| Complete 
|   4|0x0000000082200000, 0x0000000082300000, 0x0000000082300000|100%|HC|  |TAMS 0x0000000082200000, 0x0000000082300000| Complete 
|   5|0x0000000082300000, 0x0000000082400000, 0x0000000082400000|100%|HC|  |TAMS 0x0000000082300000, 0x0000000082400000| Complete 
|   6|0x0000000082400000, 0x0000000082500000, 0x0000000082500000|100%|HC|  |TAMS 0x0000000082400000, 0x0000000082500000| Complete 
|   7|0x0000000082500000, 0x0000000082600000, 0x0000000082600000|100%|HC|  |TAMS 0x0000000082500000, 0x0000000082600000| Complete 
|   8|0x0000000082600000, 0x0000000082700000, 0x0000000082700000|100%| O|  |TAMS 0x0000000082600000, 0x0000000082670e08| Untracked 
|   9|0x0000000082700000, 0x0000000082700000, 0x0000000082800000|  0%| F|  |TAMS 0x0000000082700000, 0x0000000082700000| Untracked 
|  10|0x0000000082800000, 0x0000000082800000, 0x0000000082900000|  0%| F|  |TAMS 0x0000000082800000, 0x0000000082800000| Untracked 
|  11|0x0000000082900000, 0x0000000082900000, 0x0000000082a00000|  0%| F|  |TAMS 0x0000000082900000, 0x0000000082900000| Untracked 
|  12|0x0000000082a00000, 0x0000000082a00000, 0x0000000082b00000|  0%| F|  |TAMS 0x0000000082a00000, 0x0000000082a00000| Untracked 
|  13|0x0000000082b00000, 0x0000000082c00000, 0x0000000082c00000|100%|HS|  |TAMS 0x0000000082b00000, 0x0000000082c00000| Complete 
|  14|0x0000000082c00000, 0x0000000082d00000, 0x0000000082d00000|100%|HC|  |TAMS 0x0000000082c00000, 0x0000000082d00000| Complete 
|  15|0x0000000082d00000, 0x0000000082e00000, 0x0000000082e00000|100%|HC|  |TAMS 0x0000000082d00000, 0x0000000082e00000| Complete 
|  16|0x0000000082e00000, 0x0000000082f00000, 0x0000000082f00000|100%|HC|  |TAMS 0x0000000082e00000, 0x0000000082f00000| Complete 
|  17|0x0000000082f00000, 0x0000000083000000, 0x0000000083000000|100%| O|  |TAMS 0x0000000082f00000, 0x0000000082f00000| Untracked 
|  18|0x0000000083000000, 0x0000000083070e00, 0x0000000083100000| 44%| O|  |TAMS 0x0000000083000000, 0x0000000083000000| Untracked 
|  19|0x0000000083100000, 0x0000000083100000, 0x0000000083200000|  0%| F|  |TAMS 0x0000000083100000, 0x0000000083100000| Untracked 
|  20|0x0000000083200000, 0x0000000083200000, 0x0000000083300000|  0%| F|  |TAMS 0x0000000083200000, 0x0000000083200000| Untracked 
|  21|0x0000000083300000, 0x0000000083300000, 0x0000000083400000|  0%| F|  |TAMS 0x0000000083300000, 0x0000000083300000| Untracked 
|  22|0x0000000083400000, 0x0000000083400000, 0x0000000083500000|  0%| F|  |TAMS 0x0000000083400000, 0x0000000083400000| Untracked 
|  23|0x0000000083500000, 0x0000000083500000, 0x0000000083600000|  0%| F|  |TAMS 0x0000000083500000, 0x0000000083500000| Untracked 
|  24|0x0000000083600000, 0x0000000083600000, 0x0000000083700000|  0%| F|  |TAMS 0x0000000083600000, 0x0000000083600000| Untracked 
|  25|0x0000000083700000, 0x0000000083700000, 0x0000000083800000|  0%| F|  |TAMS 0x0000000083700000, 0x0000000083700000| Untracked 
|  26|0x0000000083800000, 0x0000000083800000, 0x0000000083900000|  0%| F|  |TAMS 0x0000000083800000, 0x0000000083800000| Untracked 
|  27|0x0000000083900000, 0x0000000083900000, 0x0000000083a00000|  0%| F|  |TAMS 0x0000000083900000, 0x0000000083900000| Untracked 
|  28|0x0000000083a00000, 0x0000000083a00000, 0x0000000083b00000|  0%| F|  |TAMS 0x0000000083a00000, 0x0000000083a00000| Untracked 
|  29|0x0000000083b00000, 0x0000000083b00000, 0x0000000083c00000|  0%| F|  |TAMS 0x0000000083b00000, 0x0000000083b00000| Untracked 
|  30|0x0000000083c00000, 0x0000000083c00000, 0x0000000083d00000|  0%| F|  |TAMS 0x0000000083c00000, 0x0000000083c00000| Untracked 
|  31|0x0000000083d00000, 0x0000000083d00000, 0x0000000083e00000|  0%| F|  |TAMS 0x0000000083d00000, 0x0000000083d00000| Untracked 
|  32|0x0000000083e00000, 0x0000000083e00000, 0x0000000083f00000|  0%| F|  |TAMS 0x0000000083e00000, 0x0000000083e00000| Untracked 
|  33|0x0000000083f00000, 0x0000000083f00000, 0x0000000084000000|  0%| F|  |TAMS 0x0000000083f00000, 0x0000000083f00000| Untracked 
|  34|0x0000000084000000, 0x0000000084000000, 0x0000000084100000|  0%| F|  |TAMS 0x0000000084000000, 0x0000000084000000| Untracked 
|  35|0x0000000084100000, 0x0000000084100000, 0x0000000084200000|  0%| F|  |TAMS 0x0000000084100000, 0x0000000084100000| Untracked 
|  36|0x0000000084200000, 0x0000000084200000, 0x0000000084300000|  0%| F|  |TAMS 0x0000000084200000, 0x0000000084200000| Untracked 
|  37|0x0000000084300000, 0x0000000084300000, 0x0000000084400000|  0%| F|  |TAMS 0x0000000084300000, 0x0000000084300000| Untracked 
|  38|0x0000000084400000, 0x0000000084400000, 0x0000000084500000|  0%| F|  |TAMS 0x0000000084400000, 0x0000000084400000| Untracked 
|  39|0x0000000084500000, 0x0000000084500000, 0x0000000084600000|  0%| F|  |TAMS 0x0000000084500000, 0x0000000084500000| Untracked 
|  40|0x0000000084600000, 0x0000000084600000, 0x0000000084700000|  0%| F|  |TAMS 0x0000000084600000, 0x0000000084600000| Untracked 
|  41|0x0000000084700000, 0x0000000084700000, 0x0000000084800000|  0%| F|  |TAMS 0x0000000084700000, 0x0000000084700000| Untracked 
|  42|0x0000000084800000, 0x0000000084800000, 0x0000000084900000|  0%| F|  |TAMS 0x0000000084800000, 0x0000000084800000| Untracked 
|  43|0x0000000084900000, 0x0000000084900000, 0x0000000084a00000|  0%| F|  |TAMS 0x0000000084900000, 0x0000000084900000| Untracked 
|  44|0x0000000084a00000, 0x0000000084a00000, 0x0000000084b00000|  0%| F|  |TAMS 0x0000000084a00000, 0x0000000084a00000| Untracked 
|  45|0x0000000084b00000, 0x0000000084b00000, 0x0000000084c00000|  0%| F|  |TAMS 0x0000000084b00000, 0x0000000084b00000| Untracked 
|  46|0x0000000084c00000, 0x0000000084c00000, 0x0000000084d00000|  0%| F|  |TAMS 0x0000000084c00000, 0x0000000084c00000| Untracked 
|  47|0x0000000084d00000, 0x0000000084d00000, 0x0000000084e00000|  0%| F|  |TAMS 0x0000000084d00000, 0x0000000084d00000| Untracked 
|  48|0x0000000084e00000, 0x0000000084e00000, 0x0000000084f00000|  0%| F|  |TAMS 0x0000000084e00000, 0x0000000084e00000| Untracked 
|  49|0x0000000084f00000, 0x0000000084f00000, 0x0000000085000000|  0%| F|  |TAMS 0x0000000084f00000, 0x0000000084f00000| Untracked 
|  50|0x0000000085000000, 0x0000000085000000, 0x0000000085100000|  0%| F|  |TAMS 0x0000000085000000, 0x0000000085000000| Untracked 
|  51|0x0000000085100000, 0x0000000085100000, 0x0000000085200000|  0%| F|  |TAMS 0x0000000085100000, 0x0000000085100000| Untracked 
|  52|0x0000000085200000, 0x0000000085200000, 0x0000000085300000|  0%| F|  |TAMS 0x0000000085200000, 0x0000000085200000| Untracked 
|  53|0x0000000085300000, 0x0000000085300000, 0x0000000085400000|  0%| F|  |TAMS 0x0000000085300000, 0x0000000085300000| Untracked 
|  54|0x0000000085400000, 0x0000000085400000, 0x0000000085500000|  0%| F|  |TAMS 0x0000000085400000, 0x0000000085400000| Untracked 
|  55|0x0000000085500000, 0x0000000085500000, 0x0000000085600000|  0%| F|  |TAMS 0x0000000085500000, 0x0000000085500000| Untracked 
|  56|0x0000000085600000, 0x0000000085600000, 0x0000000085700000|  0%| F|  |TAMS 0x0000000085600000, 0x0000000085600000| Untracked 
|  57|0x0000000085700000, 0x0000000085700000, 0x0000000085800000|  0%| F|  |TAMS 0x0000000085700000, 0x0000000085700000| Untracked 
|  58|0x0000000085800000, 0x0000000085800000, 0x0000000085900000|  0%| F|  |TAMS 0x0000000085800000, 0x0000000085800000| Untracked 
|  59|0x0000000085900000, 0x0000000085900000, 0x0000000085a00000|  0%| F|  |TAMS 0x0000000085900000, 0x0000000085900000| Untracked 
|  60|0x0000000085a00000, 0x0000000085a00000, 0x0000000085b00000|  0%| F|  |TAMS 0x0000000085a00000, 0x0000000085a00000| Untracked 
|  61|0x0000000085b00000, 0x0000000085b00000, 0x0000000085c00000|  0%| F|  |TAMS 0x0000000085b00000, 0x0000000085b00000| Untracked 
|  62|0x0000000085c00000, 0x0000000085c00000, 0x0000000085d00000|  0%| F|  |TAMS 0x0000000085c00000, 0x0000000085c00000| Untracked 
|  63|0x0000000085d00000, 0x0000000085d00000, 0x0000000085e00000|  0%| F|  |TAMS 0x0000000085d00000, 0x0000000085d00000| Untracked 
|  64|0x0000000085e00000, 0x0000000085e00000, 0x0000000085f00000|  0%| F|  |TAMS 0x0000000085e00000, 0x0000000085e00000| Untracked 
|  65|0x0000000085f00000, 0x0000000085f00000, 0x0000000086000000|  0%| F|  |TAMS 0x0000000085f00000, 0x0000000085f00000| Untracked 
|  66|0x0000000086000000, 0x0000000086000000, 0x0000000086100000|  0%| F|  |TAMS 0x0000000086000000, 0x0000000086000000| Untracked 
|  67|0x0000000086100000, 0x0000000086100000, 0x0000000086200000|  0%| F|  |TAMS 0x0000000086100000, 0x0000000086100000| Untracked 
|  68|0x0000000086200000, 0x0000000086200000, 0x0000000086300000|  0%| F|  |TAMS 0x0000000086200000, 0x0000000086200000| Untracked 
|  69|0x0000000086300000, 0x0000000086300000, 0x0000000086400000|  0%| F|  |TAMS 0x0000000086300000, 0x0000000086300000| Untracked 
|  70|0x0000000086400000, 0x0000000086400000, 0x0000000086500000|  0%| F|  |TAMS 0x0000000086400000, 0x0000000086400000| Untracked 
|  71|0x0000000086500000, 0x0000000086500000, 0x0000000086600000|  0%| F|  |TAMS 0x0000000086500000, 0x0000000086500000| Untracked 
|  72|0x0000000086600000, 0x0000000086600000, 0x0000000086700000|  0%| F|  |TAMS 0x0000000086600000, 0x0000000086600000| Untracked 
|  73|0x0000000086700000, 0x0000000086700000, 0x0000000086800000|  0%| F|  |TAMS 0x0000000086700000, 0x0000000086700000| Untracked 
|  74|0x0000000086800000, 0x0000000086800000, 0x0000000086900000|  0%| F|  |TAMS 0x0000000086800000, 0x0000000086800000| Untracked 
|  75|0x0000000086900000, 0x0000000086900000, 0x0000000086a00000|  0%| F|  |TAMS 0x0000000086900000, 0x0000000086900000| Untracked 
|  76|0x0000000086a00000, 0x0000000086a00000, 0x0000000086b00000|  0%| F|  |TAMS 0x0000000086a00000, 0x0000000086a00000| Untracked 
|  77|0x0000000086b00000, 0x0000000086b00000, 0x0000000086c00000|  0%| F|  |TAMS 0x0000000086b00000, 0x0000000086b00000| Untracked 
|  78|0x0000000086c00000, 0x0000000086c00000, 0x0000000086d00000|  0%| F|  |TAMS 0x0000000086c00000, 0x0000000086c00000| Untracked 
|  79|0x0000000086d00000, 0x0000000086d00000, 0x0000000086e00000|  0%| F|  |TAMS 0x0000000086d00000, 0x0000000086d00000| Untracked 
|  80|0x0000000086e00000, 0x0000000086e00000, 0x0000000086f00000|  0%| F|  |TAMS 0x0000000086e00000, 0x0000000086e00000| Untracked 
|  81|0x0000000086f00000, 0x0000000086f00000, 0x0000000087000000|  0%| F|  |TAMS 0x0000000086f00000, 0x0000000086f00000| Untracked 
|  82|0x0000000087000000, 0x0000000087000000, 0x0000000087100000|  0%| F|  |TAMS 0x0000000087000000, 0x0000000087000000| Untracked 
|  83|0x0000000087100000, 0x0000000087100000, 0x0000000087200000|  0%| F|  |TAMS 0x0000000087100000, 0x0000000087100000| Untracked 
|  84|0x0000000087200000, 0x0000000087200000, 0x0000000087300000|  0%| F|  |TAMS 0x0000000087200000, 0x0000000087200000| Untracked 
|  85|0x0000000087300000, 0x0000000087300000, 0x0000000087400000|  0%| F|  |TAMS 0x0000000087300000, 0x0000000087300000| Untracked 
|  86|0x0000000087400000, 0x0000000087400000, 0x0000000087500000|  0%| F|  |TAMS 0x0000000087400000, 0x0000000087400000| Untracked 
|  87|0x0000000087500000, 0x0000000087500000, 0x0000000087600000|  0%| F|  |TAMS 0x0000000087500000, 0x0000000087500000| Untracked 
|  88|0x0000000087600000, 0x0000000087600000, 0x0000000087700000|  0%| F|  |TAMS 0x0000000087600000, 0x0000000087600000| Untracked 
|  89|0x0000000087700000, 0x0000000087700000, 0x0000000087800000|  0%| F|  |TAMS 0x0000000087700000, 0x0000000087700000| Untracked 
|  90|0x0000000087800000, 0x0000000087800000, 0x0000000087900000|  0%| F|  |TAMS 0x0000000087800000, 0x0000000087800000| Untracked 
|  91|0x0000000087900000, 0x0000000087900000, 0x0000000087a00000|  0%| F|  |TAMS 0x0000000087900000, 0x0000000087900000| Untracked 
|  92|0x0000000087a00000, 0x0000000087a00000, 0x0000000087b00000|  0%| F|  |TAMS 0x0000000087a00000, 0x0000000087a00000| Untracked 
|  93|0x0000000087b00000, 0x0000000087b00000, 0x0000000087c00000|  0%| F|  |TAMS 0x0000000087b00000, 0x0000000087b00000| Untracked 
|  94|0x0000000087c00000, 0x0000000087c00000, 0x0000000087d00000|  0%| F|  |TAMS 0x0000000087c00000, 0x0000000087c00000| Untracked 
|  95|0x0000000087d00000, 0x0000000087d00000, 0x0000000087e00000|  0%| F|  |TAMS 0x0000000087d00000, 0x0000000087d00000| Untracked 
|  96|0x0000000087e00000, 0x0000000087e00000, 0x0000000087f00000|  0%| F|  |TAMS 0x0000000087e00000, 0x0000000087e00000| Untracked 
|  97|0x0000000087f00000, 0x0000000087f00000, 0x0000000088000000|  0%| F|  |TAMS 0x0000000087f00000, 0x0000000087f00000| Untracked 
|  98|0x0000000088000000, 0x0000000088000000, 0x0000000088100000|  0%| F|  |TAMS 0x0000000088000000, 0x0000000088000000| Untracked 
|  99|0x0000000088100000, 0x0000000088100000, 0x0000000088200000|  0%| F|  |TAMS 0x0000000088100000, 0x0000000088100000| Untracked 
| 100|0x0000000088200000, 0x0000000088200000, 0x0000000088300000|  0%| F|  |TAMS 0x0000000088200000, 0x0000000088200000| Untracked 
| 101|0x0000000088300000, 0x0000000088300000, 0x0000000088400000|  0%| F|  |TAMS 0x0000000088300000, 0x0000000088300000| Untracked 
| 102|0x0000000088400000, 0x0000000088400000, 0x0000000088500000|  0%| F|  |TAMS 0x0000000088400000, 0x0000000088400000| Untracked 
| 103|0x0000000088500000, 0x0000000088500000, 0x0000000088600000|  0%| F|  |TAMS 0x0000000088500000, 0x0000000088500000| Untracked 
| 104|0x0000000088600000, 0x0000000088600000, 0x0000000088700000|  0%| F|  |TAMS 0x0000000088600000, 0x0000000088600000| Untracked 
| 105|0x0000000088700000, 0x0000000088700000, 0x0000000088800000|  0%| F|  |TAMS 0x0000000088700000, 0x0000000088700000| Untracked 
| 106|0x0000000088800000, 0x0000000088800000, 0x0000000088900000|  0%| F|  |TAMS 0x0000000088800000, 0x0000000088800000| Untracked 
| 107|0x0000000088900000, 0x0000000088900000, 0x0000000088a00000|  0%| F|  |TAMS 0x0000000088900000, 0x0000000088900000| Untracked 
| 108|0x0000000088a00000, 0x0000000088a00000, 0x0000000088b00000|  0%| F|  |TAMS 0x0000000088a00000, 0x0000000088a00000| Untracked 
| 109|0x0000000088b00000, 0x0000000088b00000, 0x0000000088c00000|  0%| F|  |TAMS 0x0000000088b00000, 0x0000000088b00000| Untracked 
| 110|0x0000000088c00000, 0x0000000088c00000, 0x0000000088d00000|  0%| F|  |TAMS 0x0000000088c00000, 0x0000000088c00000| Untracked 
| 111|0x0000000088d00000, 0x0000000088d16038, 0x0000000088e00000|  8%| S|CS|TAMS 0x0000000088d00000, 0x0000000088d00000| Complete 
| 112|0x0000000088e00000, 0x0000000088f00000, 0x0000000088f00000|100%| S|CS|TAMS 0x0000000088e00000, 0x0000000088e00000| Complete 
| 113|0x0000000088f00000, 0x0000000088f00000, 0x0000000089000000|  0%| F|  |TAMS 0x0000000088f00000, 0x0000000088f00000| Untracked 
| 114|0x0000000089000000, 0x0000000089000000, 0x0000000089100000|  0%| F|  |TAMS 0x0000000089000000, 0x0000000089000000| Untracked 
| 115|0x0000000089100000, 0x0000000089200000, 0x0000000089200000|100%| S|CS|TAMS 0x0000000089100000, 0x0000000089100000| Complete 
| 116|0x0000000089200000, 0x0000000089200000, 0x0000000089300000|  0%| F|  |TAMS 0x0000000089200000, 0x0000000089200000| Untracked 
| 117|0x0000000089300000, 0x0000000089300000, 0x0000000089400000|  0%| F|  |TAMS 0x0000000089300000, 0x0000000089300000| Untracked 
| 118|0x0000000089400000, 0x0000000089400000, 0x0000000089500000|  0%| F|  |TAMS 0x0000000089400000, 0x0000000089400000| Untracked 
| 119|0x0000000089500000, 0x0000000089500000, 0x0000000089600000|  0%| F|  |TAMS 0x0000000089500000, 0x0000000089500000| Untracked 
| 120|0x0000000089600000, 0x0000000089600000, 0x0000000089700000|  0%| F|  |TAMS 0x0000000089600000, 0x0000000089600000| Untracked 
| 121|0x0000000089700000, 0x0000000089700000, 0x0000000089800000|  0%| F|  |TAMS 0x0000000089700000, 0x0000000089700000| Untracked 
| 122|0x0000000089800000, 0x0000000089800000, 0x0000000089900000|  0%| F|  |TAMS 0x0000000089800000, 0x0000000089800000| Untracked 
| 123|0x0000000089900000, 0x0000000089900000, 0x0000000089a00000|  0%| F|  |TAMS 0x0000000089900000, 0x0000000089900000| Untracked 
| 124|0x0000000089a00000, 0x0000000089a00000, 0x0000000089b00000|  0%| F|  |TAMS 0x0000000089a00000, 0x0000000089a00000| Untracked 
| 125|0x0000000089b00000, 0x0000000089b00000, 0x0000000089c00000|  0%| F|  |TAMS 0x0000000089b00000, 0x0000000089b00000| Untracked 
| 126|0x0000000089c00000, 0x0000000089c00000, 0x0000000089d00000|  0%| F|  |TAMS 0x0000000089c00000, 0x0000000089c00000| Untracked 
| 127|0x0000000089d00000, 0x0000000089d00000, 0x0000000089e00000|  0%| F|  |TAMS 0x0000000089d00000, 0x0000000089d00000| Untracked 

Card table byte_map: [0x000002b8af970000,0x000002b8afd70000] _byte_map_base: 0x000002b8af561000

Marking Bits (Prev, Next): (CMBitMap*) 0x000002b89653e620, (CMBitMap*) 0x000002b89653e660
 Prev Bits: [0x000002b8b0170000, 0x000002b8b20f8000)
 Next Bits: [0x000002b8b2100000, 0x000002b8b4088000)

Polling page: 0x000002b8965e0000

Metaspace:

Usage:
  Non-class:      9.47 MB capacity,     9.36 MB ( 99%) used,   104.46 KB (  1%) free+waste,    13.81 KB ( <1%) overhead. 
      Class:      1.29 MB capacity,     1.20 MB ( 93%) used,    84.38 KB (  6%) free+waste,     5.94 KB ( <1%) overhead. 
       Both:     10.76 MB capacity,    10.56 MB ( 98%) used,   188.84 KB (  2%) free+waste,    19.75 KB ( <1%) overhead. 

Virtual space:
  Non-class space:       22.00 MB reserved,       9.50 MB ( 43%) committed 
      Class space:        1.00 GB reserved,       1.38 MB ( <1%) committed 
             Both:        1.02 GB reserved,      10.88 MB (  1%) committed 

Chunk freelists:
   Non-Class:  30.00 KB
       Class:  20.00 KB
        Both:  50.00 KB

MaxMetaspaceSize: 17179869184.00 GB
CompressedClassSpaceSize: 1.00 GB

CodeHeap 'non-profiled nmethods': size=120000Kb used=360Kb max_used=360Kb free=119640Kb
 bounds [0x000002b8a7a20000, 0x000002b8a7c90000, 0x000002b8aef50000]
CodeHeap 'profiled nmethods': size=120000Kb used=1827Kb max_used=1827Kb free=118172Kb
 bounds [0x000002b8a04f0000, 0x000002b8a0760000, 0x000002b8a7a20000]
CodeHeap 'non-nmethods': size=5760Kb used=1285Kb max_used=1303Kb free=4474Kb
 bounds [0x000002b89ff50000, 0x000002b8a01c0000, 0x000002b8a04f0000]
 total_blobs=1647 nmethods=1072 adapters=488
 compilation: enabled
              stopped_count=0, restarted_count=0
 full_count=0

Compilation events (20 events):
Event: 1.323 Thread 0x000002b8b6708d70 1057       3       java.util.ArrayList::indexOfRange (71 bytes)
Event: 1.324 Thread 0x000002b8b6708d70 nmethod 1057 0x000002b8a06b0410 code [0x000002b8a06b05e0, 0x000002b8a06b0a68]
Event: 1.324 Thread 0x000002b8b6708d70 1056       3       java.util.ArrayList::indexOf (11 bytes)
Event: 1.324 Thread 0x000002b8b6708d70 nmethod 1056 0x000002b8a06b0c90 code [0x000002b8a06b0e40, 0x000002b8a06b0f88]
Event: 1.324 Thread 0x000002b8b6708d70 1058       3       java.lang.String::toUpperCase (29 bytes)
Event: 1.325 Thread 0x000002b8b6708d70 nmethod 1058 0x000002b8a06b1010 code [0x000002b8a06b11e0, 0x000002b8a06b1478]
Event: 1.327 Thread 0x000002b8b6708d70 1059       3       java.util.ArrayList::grow (60 bytes)
Event: 1.327 Thread 0x000002b8b6708d70 nmethod 1059 0x000002b8a06b1590 code [0x000002b8a06b17a0, 0x000002b8a06b1f38]
Event: 1.327 Thread 0x000002b8b6708d70 1060       3       java.util.ArrayList::<init> (12 bytes)
Event: 1.328 Thread 0x000002b8b6708d70 nmethod 1060 0x000002b8a06b2190 code [0x000002b8a06b2340, 0x000002b8a06b25d8]
Event: 1.328 Thread 0x000002b8b6708d70 1061       3       java.util.Collections$UnmodifiableMap::get (11 bytes)
Event: 1.328 Thread 0x000002b8b6708d70 nmethod 1061 0x000002b8a06b2710 code [0x000002b8a06b28c0, 0x000002b8a06b2a88]
Event: 1.328 Thread 0x000002b8b6708d70 1062       3       com.mysql.cj.Collation::<init> (37 bytes)
Event: 1.328 Thread 0x000002b8b6708d70 nmethod 1062 0x000002b8a06b2b90 code [0x000002b8a06b2d60, 0x000002b8a06b31e8]
Event: 1.328 Thread 0x000002b8b6708d70 1063       3       java.util.TreeMap::rotateRight (96 bytes)
Event: 1.329 Thread 0x000002b8b6708d70 nmethod 1063 0x000002b8a06b3310 code [0x000002b8a06b34e0, 0x000002b8a06b39f8]
Event: 1.329 Thread 0x000002b8b6708d70 1064       3       java.util.TreeMap::get (19 bytes)
Event: 1.329 Thread 0x000002b8b6708d70 nmethod 1064 0x000002b8a06b3b10 code [0x000002b8a06b3cc0, 0x000002b8a06b3e68]
Event: 1.336 Thread 0x000002b8b6708d70 1065       3       java.lang.Integer::getChars (131 bytes)
Event: 1.336 Thread 0x000002b8b6708d70 nmethod 1065 0x000002b8a06b3f90 code [0x000002b8a06b4160, 0x000002b8a06b4598]

GC Heap History (2 events):
Event: 0.653 GC heap before
{Heap before GC invocations=0 (full 0):
 garbage-first heap   total 131072K, used 21504K [0x0000000081e00000, 0x0000000100000000)
  region size 1024K, 13 young (13312K), 0 survivors (0K)
 Metaspace       used 7423K, capacity 7613K, committed 7936K, reserved 1056768K
  class space    used 884K, capacity 956K, committed 1024K, reserved 1048576K
}
Event: 0.659 GC heap after
{Heap after GC invocations=1 (full 0):
 garbage-first heap   total 131072K, used 10691K [0x0000000081e00000, 0x0000000100000000)
  region size 1024K, 2 young (2048K), 2 survivors (2048K)
 Metaspace       used 7423K, capacity 7613K, committed 7936K, reserved 1056768K
  class space    used 884K, capacity 956K, committed 1024K, reserved 1048576K
}

Deoptimization events (20 events):
Event: 1.118 Thread 0x000002b8964fe770 DEOPT PACKING pc=0x000002b8a0652b99 sp=0x000000f3030fc840
Event: 1.118 Thread 0x000002b8964fe770 DEOPT UNPACKING pc=0x000002b89ff9e23f sp=0x000000f3030fbd38 mode 0
Event: 1.119 Thread 0x000002b8964fe770 DEOPT PACKING pc=0x000002b8a0652b99 sp=0x000000f3030fc840
Event: 1.119 Thread 0x000002b8964fe770 DEOPT UNPACKING pc=0x000002b89ff9e23f sp=0x000000f3030fbd38 mode 0
Event: 1.120 Thread 0x000002b8964fe770 DEOPT PACKING pc=0x000002b8a0652b99 sp=0x000000f3030fc840
Event: 1.120 Thread 0x000002b8964fe770 DEOPT UNPACKING pc=0x000002b89ff9e23f sp=0x000000f3030fbd38 mode 0
Event: 1.122 Thread 0x000002b8964fe770 DEOPT PACKING pc=0x000002b8a0652b99 sp=0x000000f3030fc840
Event: 1.122 Thread 0x000002b8964fe770 DEOPT UNPACKING pc=0x000002b89ff9e23f sp=0x000000f3030fbd38 mode 0
Event: 1.124 Thread 0x000002b8964fe770 DEOPT PACKING pc=0x000002b8a0652b99 sp=0x000000f3030fc840
Event: 1.124 Thread 0x000002b8964fe770 DEOPT UNPACKING pc=0x000002b89ff9e23f sp=0x000000f3030fbd38 mode 0
Event: 1.124 Thread 0x000002b8964fe770 DEOPT PACKING pc=0x000002b8a0658cf0 sp=0x000000f3030fc290
Event: 1.124 Thread 0x000002b8964fe770 DEOPT UNPACKING pc=0x000002b89ff9e23f sp=0x000000f3030fb840 mode 0
Event: 1.124 Thread 0x000002b8964fe770 DEOPT PACKING pc=0x000002b8a0652b99 sp=0x000000f3030fc840
Event: 1.125 Thread 0x000002b8964fe770 DEOPT UNPACKING pc=0x000002b89ff9e23f sp=0x000000f3030fbd38 mode 0
Event: 1.125 Thread 0x000002b8964fe770 DEOPT PACKING pc=0x000002b8a0658cf0 sp=0x000000f3030fc290
Event: 1.125 Thread 0x000002b8964fe770 DEOPT UNPACKING pc=0x000002b89ff9e23f sp=0x000000f3030fb840 mode 0
Event: 1.126 Thread 0x000002b8964fe770 DEOPT PACKING pc=0x000002b8a0652b99 sp=0x000000f3030fc840
Event: 1.126 Thread 0x000002b8964fe770 DEOPT UNPACKING pc=0x000002b89ff9e23f sp=0x000000f3030fbd38 mode 0
Event: 1.288 Thread 0x000002b8964fe770 DEOPT PACKING pc=0x000002b8a0652b99 sp=0x000000f3030fe330
Event: 1.288 Thread 0x000002b8964fe770 DEOPT UNPACKING pc=0x000002b89ff9e23f sp=0x000000f3030fd828 mode 0

Classes unloaded (0 events):
No events

Classes redefined (0 events):
No events

Internal exceptions (17 events):
Event: 0.163 Thread 0x000002b8964fe770 Exception <a 'java/lang/NoSuchMethodError'{0x0000000089c247d8}: 'void java.lang.invoke.DirectMethodHandle$Holder.invokeSpecial(java.lang.Object, java.lang.Object, java.lang.Object)'> (0x0000000089c247d8) 
thrown [./open/src/hotspot/share/interpreter/linkResolver.cpp, line 782]
Event: 0.180 Thread 0x000002b8964fe770 Exception <a 'java/lang/ClassNotFoundException'{0x0000000089c415a0}: sun/awt/resources/spi/awtProvider> (0x0000000089c415a0) 
thrown [./open/src/hotspot/share/classfile/systemDictionary.cpp, line 295]
Event: 0.215 Thread 0x000002b8964fe770 Exception <a 'java/io/FileNotFoundException'{0x0000000089c9d690}> (0x0000000089c9d690) 
thrown [./open/src/hotspot/share/prims/jni.cpp, line 578]
Event: 0.225 Thread 0x000002b8964fe770 Exception <a 'java/io/FileNotFoundException'{0x0000000089ccc158}> (0x0000000089ccc158) 
thrown [./open/src/hotspot/share/prims/jni.cpp, line 578]
Event: 0.226 Thread 0x000002b8964fe770 Exception <a 'java/lang/NoSuchMethodError'{0x0000000089ccd350}: 'java.lang.Object java.lang.invoke.DirectMethodHandle$Holder.invokeStatic(java.lang.Object)'> (0x0000000089ccd350) 
thrown [./open/src/hotspot/share/interpreter/linkResolver.cpp, line 782]
Event: 0.276 Thread 0x000002b8964fe770 Exception <a 'java/lang/NoSuchMethodError'{0x0000000089b29180}: 'java.lang.Object java.lang.invoke.DirectMethodHandle$Holder.invokeStaticInit(java.lang.Object)'> (0x0000000089b29180) 
thrown [./open/src/hotspot/share/interpreter/linkResolver.cpp, line 782]
Event: 0.332 Thread 0x000002b8964fe770 Exception <a 'java/lang/NoSuchMethodError'{0x0000000089bddea8}: 'java.lang.Object java.lang.invoke.DirectMethodHandle$Holder.newInvokeSpecial(java.lang.Object, java.lang.Object, java.lang.Object, java.lang.Object, java.lang.Object)'> (0x0000000089bddea8) 
thrown [./open/src/hotspot/share/interpreter/linkResolver.cpp, line 782]
Event: 0.334 Thread 0x000002b8964fe770 Exception <a 'java/lang/NoSuchMethodError'{0x0000000089be9938}: 'java.lang.Object java.lang.invoke.DirectMethodHandle$Holder.invokeStatic(java.lang.Object, int, java.lang.Object, java.lang.Object, java.lang.Object, java.lang.Object)'> (0x0000000089be9938) 
thrown [./open/src/hotspot/share/interpreter/linkResolver.cpp, line 782]
Event: 0.346 Thread 0x000002b8964fe770 Exception <a 'java/lang/NoSuchMethodError'{0x0000000089a102f0}: 'java.lang.Object java.lang.invoke.DirectMethodHandle$Holder.invokeStatic(java.lang.Object, int, java.lang.Object)'> (0x0000000089a102f0) 
thrown [./open/src/hotspot/share/interpreter/linkResolver.cpp, line 782]
Event: 0.397 Thread 0x000002b8964fe770 Exception <a 'java/lang/ClassNotFoundException'{0x0000000089ac8bc8}: com/sun/swing/internal/plaf/metal/resources/spi/metalProvider> (0x0000000089ac8bc8) 
thrown [./open/src/hotspot/share/classfile/systemDictionary.cpp, line 295]
Event: 0.398 Thread 0x000002b8964fe770 Exception <a 'java/lang/ClassNotFoundException'{0x0000000089acceb8}: com/sun/swing/internal/plaf/basic/resources/spi/basicProvider> (0x0000000089acceb8) 
thrown [./open/src/hotspot/share/classfile/systemDictionary.cpp, line 295]
Event: 0.586 Thread 0x000002b8b742db00 Exception <a 'java/lang/NoSuchMethodError'{0x00000000898efad0}: 'java.lang.Object java.lang.invoke.DirectMethodHandle$Holder.newInvokeSpecial(java.lang.Object, java.lang.Object, java.lang.Object, int, int, int, int, int)'> (0x00000000898efad0) 
thrown [./open/src/hotspot/share/interpreter/linkResolver.cpp, line 782]
Event: 1.084 Thread 0x000002b8964fe770 Exception <a 'java/lang/NoSuchMethodError'{0x00000000898c69e0}: 'java.lang.Object java.lang.invoke.DirectMethodHandle$Holder.invokeInterface(java.lang.Object, java.lang.Object)'> (0x00000000898c69e0) 
thrown [./open/src/hotspot/share/interpreter/linkResolver.cpp, line 782]
Event: 1.136 Thread 0x000002b8964fe770 Exception <a 'java/lang/NoSuchMethodError'{0x0000000089756068}: 'void java.lang.invoke.DirectMethodHandle$Holder.invokeStatic(java.lang.Object, java.lang.Object, java.lang.Object)'> (0x0000000089756068) 
thrown [./open/src/hotspot/share/interpreter/linkResolver.cpp, line 782]
Event: 1.138 Thread 0x000002b8964fe770 Exception <a 'java/lang/NoSuchMethodError'{0x0000000089760cb8}: 'java.lang.Object java.lang.invoke.DirectMethodHandle$Holder.invokeVirtual(java.lang.Object, java.lang.Object, java.lang.Object)'> (0x0000000089760cb8) 
thrown [./open/src/hotspot/share/interpreter/linkResolver.cpp, line 782]
Event: 1.250 Thread 0x000002b8964fe770 Exception <a 'java/lang/NoSuchMethodError'{0x0000000089484018}: 'void java.lang.invoke.DirectMethodHandle$Holder.invokeStatic(java.lang.Object, java.lang.Object)'> (0x0000000089484018) 
thrown [./open/src/hotspot/share/interpreter/linkResolver.cpp, line 782]
Event: 1.289 Thread 0x000002b8964fe770 Exception <a 'java/lang/NoSuchMethodError'{0x0000000089377218}: 'void java.lang.invoke.DirectMethodHandle$Holder.invokeStaticInit(java.lang.Object, java.lang.Object)'> (0x0000000089377218) 
thrown [./open/src/hotspot/share/interpreter/linkResolver.cpp, line 782]

Events (20 events):
Event: 1.335 loading class jdk/internal/math/FloatingDecimal$ASCIIToBinaryBuffer done
Event: 1.335 loading class sun/security/jca/ProviderList$2
Event: 1.335 loading class sun/security/jca/ProviderList$2 done
Event: 1.336 loading class sun/security/provider/Sun
Event: 1.336 loading class sun/security/provider/Sun done
Event: 1.336 loading class sun/security/provider/SunEntries
Event: 1.336 loading class sun/security/provider/SunEntries done
Event: 1.336 loading class sun/security/provider/SunEntries$1
Event: 1.336 loading class sun/security/provider/SunEntries$1 done
Event: 1.336 loading class sun/security/provider/NativePRNG
Event: 1.336 loading class sun/security/provider/NativePRNG done
Event: 1.336 loading class sun/security/provider/NativePRNG$Blocking
Event: 1.336 loading class sun/security/provider/NativePRNG$Blocking done
Event: 1.336 loading class sun/security/provider/NativePRNG$NonBlocking
Event: 1.336 loading class sun/security/provider/NativePRNG$NonBlocking done
Event: 1.336 loading class java/security/Provider$Service
Event: 1.337 loading class java/security/Provider$Service done
Event: 1.337 loading class java/security/Provider$UString
Event: 1.337 loading class java/security/Provider$UString done
Event: 1.337 loading class sun/security/util/SecurityProviderConstants


Dynamic libraries:
0x00007ff6d2b00000 - 0x00007ff6d2b0f000 	C:\Program Files\Java\jdk-15.0.2\bin\java.exe
0x00007ffe40490000 - 0x00007ffe40685000 	C:\WINDOWS\SYSTEM32\ntdll.dll
0x00007ffe3f6f0000 - 0x00007ffe3f7ad000 	C:\WINDOWS\System32\KERNEL32.DLL
0x00007ffe3dfa0000 - 0x00007ffe3e268000 	C:\WINDOWS\System32\KERNELBASE.dll
0x00007ffe3e3a0000 - 0x00007ffe3e4a0000 	C:\WINDOWS\System32\ucrtbase.dll
0x00007ffe35350000 - 0x00007ffe35369000 	C:\Program Files\Java\jdk-15.0.2\bin\VCRUNTIME140.dll
0x00007ffe3a130000 - 0x00007ffe3a148000 	C:\Program Files\Java\jdk-15.0.2\bin\jli.dll
0x00007ffe3ec10000 - 0x00007ffe3ecbc000 	C:\WINDOWS\System32\ADVAPI32.dll
0x00007ffe3e650000 - 0x00007ffe3e6ee000 	C:\WINDOWS\System32\msvcrt.dll
0x00007ffe3f520000 - 0x00007ffe3f5bb000 	C:\WINDOWS\System32\sechost.dll
0x00007ffe3f5c0000 - 0x00007ffe3f6eb000 	C:\WINDOWS\System32\RPCRT4.dll
0x00007ffe402b0000 - 0x00007ffe40450000 	C:\WINDOWS\System32\USER32.dll
0x00007ffe3de30000 - 0x00007ffe3de52000 	C:\WINDOWS\System32\win32u.dll
0x00007ffe30340000 - 0x00007ffe305da000 	C:\WINDOWS\WinSxS\amd64_microsoft.windows.common-controls_6595b64144ccf1df_6.0.19041.844_none_ca00b6081b84eb1d\COMCTL32.dll
0x00007ffe3e5c0000 - 0x00007ffe3e5ea000 	C:\WINDOWS\System32\GDI32.dll
0x00007ffe3de90000 - 0x00007ffe3df9b000 	C:\WINDOWS\System32\gdi32full.dll
0x00007ffe3dc30000 - 0x00007ffe3dccd000 	C:\WINDOWS\System32\msvcp_win.dll
0x00007ffe2d8b0000 - 0x00007ffe2d8ba000 	C:\WINDOWS\SYSTEM32\VERSION.dll
0x00007ffe3ff80000 - 0x00007ffe3ffb0000 	C:\WINDOWS\System32\IMM32.DLL
0x00007ffe39ed0000 - 0x00007ffe39edc000 	C:\Program Files\Java\jdk-15.0.2\bin\vcruntime140_1.dll
0x00007ffe08c40000 - 0x00007ffe08cd1000 	C:\Program Files\Java\jdk-15.0.2\bin\msvcp140.dll
0x00007ffdff460000 - 0x00007ffdfffbe000 	C:\Program Files\Java\jdk-15.0.2\bin\server\jvm.dll
0x00007ffe3ed20000 - 0x00007ffe3ed28000 	C:\WINDOWS\System32\PSAPI.DLL
0x00007ffe39eb0000 - 0x00007ffe39eb9000 	C:\WINDOWS\SYSTEM32\WSOCK32.dll
0x00007ffe3f1e0000 - 0x00007ffe3f24b000 	C:\WINDOWS\System32\WS2_32.dll
0x00007ffe31650000 - 0x00007ffe31677000 	C:\WINDOWS\SYSTEM32\WINMM.dll
0x00007ffe3bcf0000 - 0x00007ffe3bd02000 	C:\WINDOWS\SYSTEM32\kernel.appcore.dll
0x00007ffe35340000 - 0x00007ffe3534a000 	C:\Program Files\Java\jdk-15.0.2\bin\jimage.dll
0x00007ffe2bda0000 - 0x00007ffe2bf84000 	C:\WINDOWS\SYSTEM32\DBGHELP.DLL
0x00007ffe2ba20000 - 0x00007ffe2ba4c000 	C:\WINDOWS\SYSTEM32\dbgcore.DLL
0x00007ffe3e320000 - 0x00007ffe3e3a0000 	C:\WINDOWS\System32\bcryptPrimitives.dll
0x00007ffe2d360000 - 0x00007ffe2d385000 	C:\Program Files\Java\jdk-15.0.2\bin\java.dll
0x00007ffe3f830000 - 0x00007ffe3ff72000 	C:\WINDOWS\System32\SHELL32.dll
0x00007ffe3bd10000 - 0x00007ffe3c4a1000 	C:\WINDOWS\SYSTEM32\windows.storage.dll
0x00007ffe3ed30000 - 0x00007ffe3f085000 	C:\WINDOWS\System32\combase.dll
0x00007ffe3d570000 - 0x00007ffe3d59c000 	C:\WINDOWS\SYSTEM32\Wldp.dll
0x00007ffe3eb60000 - 0x00007ffe3ec0e000 	C:\WINDOWS\System32\SHCORE.dll
0x00007ffe3ffb0000 - 0x00007ffe40005000 	C:\WINDOWS\System32\shlwapi.dll
0x00007ffe3db10000 - 0x00007ffe3db2f000 	C:\WINDOWS\SYSTEM32\profapi.dll
0x00007ffe30ca0000 - 0x00007ffe30cb9000 	C:\Program Files\Java\jdk-15.0.2\bin\net.dll
0x00007ffe2ff70000 - 0x00007ffe3007b000 	C:\WINDOWS\SYSTEM32\WINHTTP.dll
0x00007ffe3d2e0000 - 0x00007ffe3d34a000 	C:\WINDOWS\system32\mswsock.dll
0x00007ffe2d340000 - 0x00007ffe2d352000 	C:\Program Files\Java\jdk-15.0.2\bin\nio.dll
0x00007ffe2d320000 - 0x00007ffe2d338000 	C:\Program Files\Java\jdk-15.0.2\bin\zip.dll
0x00007ffe01de0000 - 0x00007ffe01f60000 	C:\Program Files\Java\jdk-15.0.2\bin\awt.dll
0x00007ffe3e4f0000 - 0x00007ffe3e5bd000 	C:\WINDOWS\System32\OLEAUT32.dll
0x00007ffe3ae90000 - 0x00007ffe3af20000 	C:\WINDOWS\SYSTEM32\apphelp.dll
0x00007ffe3b100000 - 0x00007ffe3b12f000 	C:\WINDOWS\system32\DWMAPI.DLL
0x00007ffe3b000000 - 0x00007ffe3b09e000 	C:\WINDOWS\system32\uxtheme.dll
0x00007ffe23e90000 - 0x00007ffe23fb6000 	C:\WINDOWS\system32\opengl32.dll
0x00007ffe2aed0000 - 0x00007ffe2aefc000 	C:\WINDOWS\SYSTEM32\GLU32.dll
0x00007ffe40100000 - 0x00007ffe40215000 	C:\WINDOWS\System32\MSCTF.dll
0x00007ffe3f090000 - 0x00007ffe3f1ba000 	C:\WINDOWS\System32\ole32.dll
0x00007ffe39f40000 - 0x00007ffe39f6d000 	C:\Program Files\Java\jdk-15.0.2\bin\javajpeg.dll
0x00007ffe3d010000 - 0x00007ffe3d0dc000 	C:\WINDOWS\SYSTEM32\DNSAPI.dll
0x00007ffe3cfd0000 - 0x00007ffe3d00b000 	C:\WINDOWS\SYSTEM32\IPHLPAPI.DLL
0x00007ffe3f510000 - 0x00007ffe3f518000 	C:\WINDOWS\System32\NSI.dll
0x00007ffe2fdd0000 - 0x00007ffe2fdda000 	C:\Windows\System32\rasadhlp.dll
0x00007ffe30090000 - 0x00007ffe3010f000 	C:\WINDOWS\System32\fwpuclnt.dll
0x00007ffe3de60000 - 0x00007ffe3de87000 	C:\WINDOWS\System32\bcrypt.dll

dbghelp: loaded successfully - version: 4.0.5 - missing functions: none
symbol engine: initialized successfully - sym options: 0x614 - pdb path: .;C:\Program Files\Java\jdk-15.0.2\bin;C:\WINDOWS\SYSTEM32;C:\WINDOWS\WinSxS\amd64_microsoft.windows.common-controls_6595b64144ccf1df_6.0.19041.844_none_ca00b6081b84eb1d;C:\Program Files\Java\jdk-15.0.2\bin\server

VM Arguments:
jvm_args: -Dfile.encoding=UTF-8 
java_command: travel.management.system.HotelDetail
java_class_path (initial): C:\Users\S_Huzaifa_Ali_H\Downloads\mysql-connector-java-8.0.23\mysql-connector-java-8.0.23.jar;C:\Users\S_Huzaifa_Ali_H\Documents\NetBeansProjects\Travel Management System\build\classes
Launcher Type: SUN_STANDARD

[Global flags]
     intx CICompilerCount                          = 3                                         {product} {ergonomic}
     uint ConcGCThreads                            = 1                                         {product} {ergonomic}
     uint G1ConcRefinementThreads                  = 4                                         {product} {ergonomic}
   size_t G1HeapRegionSize                         = 1048576                                   {product} {ergonomic}
    uintx GCDrainStackTargetSize                   = 64                                        {product} {ergonomic}
   size_t InitialHeapSize                          = 134217728                                 {product} {ergonomic}
   size_t MarkStackSize                            = 4194304                                   {product} {ergonomic}
   size_t MaxHeapSize                              = 2116026368                                {product} {ergonomic}
   size_t MaxNewSize                               = 1268776960                                {product} {ergonomic}
   size_t MinHeapDeltaBytes                        = 1048576                                   {product} {ergonomic}
   size_t MinHeapSize                              = 8388608                                   {product} {ergonomic}
    uintx NonNMethodCodeHeapSize                   = 5832780                                {pd product} {ergonomic}
    uintx NonProfiledCodeHeapSize                  = 122912730                              {pd product} {ergonomic}
    uintx ProfiledCodeHeapSize                     = 122912730                              {pd product} {ergonomic}
    uintx ReservedCodeCacheSize                    = 251658240                              {pd product} {ergonomic}
     bool SegmentedCodeCache                       = true                                      {product} {ergonomic}
   size_t SoftMaxHeapSize                          = 2116026368                             {manageable} {ergonomic}
     bool UseCompressedClassPointers               = true                                 {lp64_product} {ergonomic}
     bool UseCompressedOops                        = true                                 {lp64_product} {ergonomic}
     bool UseG1GC                                  = true                                      {product} {ergonomic}
     bool UseLargePagesIndividualAllocation        = false                                  {pd product} {ergonomic}

Logging:
Log output configuration:
 #0: stdout all=warning uptime,level,tags
 #1: stderr all=off uptime,level,tags

Environment Variables:
JAVA_HOME=C:\Program Files\Java\jdk-15.0.2
PATH=C:\Program Files\Common Files\Oracle\Java\javapath;C:\WINDOWS\system32;C:\WINDOWS;C:\WINDOWS\System32\Wbem;C:\WINDOWS\System32\WindowsPowerShell\v1.0\;C:\WINDOWS\System32\OpenSSH\;C:\Program Files\MATLAB\R2018a\runtime\win64;C:\Program Files\MATLAB\R2018a\bin;C:\Program Files\Java\jdk-15.0.2\bin;C:\Program Files\MySQL\MySQL Shell 8.0\bin\;C:\Users\S_Huzaifa_Ali_H\Anaconda3;C:\Users\S_Huzaifa_Ali_H\Anaconda3\Library\mingw-w64\bin;C:\Users\S_Huzaifa_Ali_H\Anaconda3\Library\usr\bin;C:\Users\S_Huzaifa_Ali_H\Anaconda3\Library\bin;C:\Users\S_Huzaifa_Ali_H\Anaconda3\Scripts;C:\Users\S_Huzaifa_Ali_H\AppData\Local\Microsoft\WindowsApps;C:\Users\S_Huzaifa_Ali_H\AppData\Local\Programs\Microsoft VS Code\bin;C:\Program Files\JetBrains\IntelliJ IDEA Community Edition 2020.3.3\bin;
USERNAME=S_Huzaifa_Ali_H
OS=Windows_NT
PROCESSOR_IDENTIFIER=Intel64 Family 6 Model 61 Stepping 4, GenuineIntel



---------------  S Y S T E M  ---------------

OS:
 Windows 10 , 64 bit Build 19041 (10.0.19041.928)
OS uptime: 2 days 1:02 hours

CPU: total 4 (initial active 4) (2 cores per cpu, 2 threads per core) family 6 model 61 stepping 4 microcode 0x2f, cmov, cx8, fxsr, mmx, sse, sse2, sse3, ssse3, sse4.1, sse4.2, popcnt, vzeroupper, avx, avx2, aes, clmul, erms, rtm, 3dnowpref, lzcnt, ht, tsc, tscinvbit, bmi1, bmi2, adx, fma, clflush

Memory: 4k page, system-wide physical 8067M (264M free)
TotalPageFile size 20489M (AvailPageFile size 0M)
current process WorkingSet (physical memory assigned to process): 89M, peak: 89M
current process commit charge ("private bytes"): 220M, peak: 221M

vm_info: Java HotSpot(TM) 64-Bit Server VM (15.0.2+7-27) for windows-amd64 JRE (15.0.2+7-27), built on Dec  7 2020 20:07:01 by "mach5one" with unknown MS VC++:1925

END.
