#
# There is insufficient memory for the Java Runtime Environment to continue.
# Native memory allocation (malloc) failed to allocate 32744 bytes for ChunkPool::allocate
# Possible reasons:
#   The system is out of physical RAM or swap space
#   The process is running with CompressedOops enabled, and the Java Heap may be blocking the growth of the native heap
# Possible solutions:
#   Reduce memory load on the system
#   Increase physical memory or swap space
#   Check if swap backing store is full
#   Decrease Java heap size (-Xmx/-Xms)
#   Decrease number of Java threads
#   Decrease Java thread stack sizes (-Xss)
#   Set larger code cache with -XX:ReservedCodeCacheSize=
#   JVM is running with Unscaled Compressed Oops mode in which the Java heap is
#     placed in the first 4GB address space. The Java Heap base address is the
#     maximum limit for the native heap growth. Please use -XX:HeapBaseMinAddress
#     to set the Java Heap base and to place the Java Heap above 4GB virtual address.
# This output file may be truncated or incomplete.
#
#  Out of Memory Error (./open/src/hotspot/share/memory/arena.cpp:79), pid=8048, tid=1648
#
# JRE version: Java(TM) SE Runtime Environment (15.0.2+7) (build 15.0.2+7-27)
# Java VM: Java HotSpot(TM) 64-Bit Server VM (15.0.2+7-27, mixed mode, sharing, tiered, compressed oops, g1 gc, windows-amd64)
# No core dump will be written. Minidumps are not enabled by default on client versions of Windows
#

---------------  S U M M A R Y ------------

Command Line: -Dfile.encoding=UTF-8 travel.management.system.PersonalDetail

Host: Intel(R) Core(TM) i5-5300U CPU @ 2.30GHz, 4 cores, 7G,  Windows 10 , 64 bit Build 19041 (10.0.19041.804)
Time: Fri Apr 16 03:28:23 2021 Pakistan Standard Time elapsed time: 540.630324 seconds (0d 0h 9m 0s)

---------------  T H R E A D  ---------------

Current thread (0x000002af658504d0):  JavaThread "C1 CompilerThread0" daemon [_thread_in_native, id=1648, stack(0x000000cc84a00000,0x000000cc84b00000)]


Current CompileTask:
C1: 540630 2652       3       java.net.URLStreamHandler::parseURL (1201 bytes)

Stack: [0x000000cc84a00000,0x000000cc84b00000]
Native frames: (J=compiled Java code, j=interpreted, Vv=VM code, C=native code)
V  [jvm.dll+0x62ae9a]
V  [jvm.dll+0x7817a9]
V  [jvm.dll+0x782f03]
V  [jvm.dll+0x783563]
V  [jvm.dll+0x216325]
V  [jvm.dll+0x982cf]
V  [jvm.dll+0x9861c]
V  [jvm.dll+0xe8760]
V  [jvm.dll+0x145cd5]
V  [jvm.dll+0x145133]
V  [jvm.dll+0x13d966]
V  [jvm.dll+0x1398fe]
V  [jvm.dll+0x1278f0]
V  [jvm.dll+0x10ffd9]
V  [jvm.dll+0x10f91f]
V  [jvm.dll+0x10fb54]
V  [jvm.dll+0x10ee92]
V  [jvm.dll+0x110d2c]
V  [jvm.dll+0x1f9225]
V  [jvm.dll+0x1f72cc]
V  [jvm.dll+0x74495d]
V  [jvm.dll+0x73d75a]
V  [jvm.dll+0x629c56]
C  [ucrtbase.dll+0x21bb2]
C  [KERNEL32.DLL+0x17034]
C  [ntdll.dll+0x52651]


---------------  P R O C E S S  ---------------

Threads class SMR info:
_java_thread_list=0x000002af677863a0, length=16, elements={
0x000002af658283d0, 0x000002af65829740, 0x000002af6583e0e0, 0x000002af65840ba0,
0x000002af65841df0, 0x000002af6584d180, 0x000002af658504d0, 0x000002af658576c0,
0x000002af66282510, 0x000002af66291d40, 0x000002af664d8f10, 0x000002af664e1080,
0x000002af670af210, 0x000002af664dbea0, 0x000002af673995a0, 0x000002af47613560
}

Java Threads: ( => current thread )
  0x000002af658283d0 JavaThread "Reference Handler" daemon [_thread_blocked, id=8024, stack(0x000000cc84400000,0x000000cc84500000)]
  0x000002af65829740 JavaThread "Finalizer" daemon [_thread_blocked, id=8368, stack(0x000000cc84500000,0x000000cc84600000)]
  0x000002af6583e0e0 JavaThread "Signal Dispatcher" daemon [_thread_blocked, id=12700, stack(0x000000cc84600000,0x000000cc84700000)]
  0x000002af65840ba0 JavaThread "Attach Listener" daemon [_thread_blocked, id=18848, stack(0x000000cc84700000,0x000000cc84800000)]
  0x000002af65841df0 JavaThread "Service Thread" daemon [_thread_blocked, id=18788, stack(0x000000cc84800000,0x000000cc84900000)]
  0x000002af6584d180 JavaThread "C2 CompilerThread0" daemon [_thread_blocked, id=18588, stack(0x000000cc84900000,0x000000cc84a00000)]
=>0x000002af658504d0 JavaThread "C1 CompilerThread0" daemon [_thread_in_native, id=1648, stack(0x000000cc84a00000,0x000000cc84b00000)]
  0x000002af658576c0 JavaThread "Sweeper thread" daemon [_thread_blocked, id=6212, stack(0x000000cc84b00000,0x000000cc84c00000)]
  0x000002af66282510 JavaThread "Notification Thread" daemon [_thread_blocked, id=18836, stack(0x000000cc84c00000,0x000000cc84d00000)]
  0x000002af66291d40 JavaThread "Common-Cleaner" daemon [_thread_blocked, id=18376, stack(0x000000cc84e00000,0x000000cc84f00000)]
  0x000002af664d8f10 JavaThread "Java2D Disposer" daemon [_thread_blocked, id=18084, stack(0x000000cc84f00000,0x000000cc85000000)]
  0x000002af664e1080 JavaThread "AWT-Windows" daemon [_thread_in_native, id=9488, stack(0x000000cc85100000,0x000000cc85200000)]
  0x000002af670af210 JavaThread "mysql-cj-abandoned-connection-cleanup" daemon [_thread_blocked, id=15296, stack(0x000000cc85400000,0x000000cc85500000)]
  0x000002af664dbea0 JavaThread "AWT-Shutdown" [_thread_blocked, id=9712, stack(0x000000cc85200000,0x000000cc85300000)]
  0x000002af673995a0 JavaThread "AWT-EventQueue-0" [_thread_blocked, id=18972, stack(0x000000cc85900000,0x000000cc85a00000)]
  0x000002af47613560 JavaThread "DestroyJavaVM" [_thread_blocked, id=14652, stack(0x000000cc83d00000,0x000000cc83e00000)]

Other Threads:
  0x000002af65823fa0 VMThread "VM Thread" [stack: 0x000000cc84300000,0x000000cc84400000] [id=10196]
  0x000002af6628c9e0 WatcherThread [stack: 0x000000cc84d00000,0x000000cc84e00000] [id=18748]
  0x000002af4764eb80 GCTaskThread "GC Thread#0" [stack: 0x000000cc83e00000,0x000000cc83f00000] [id=13188]
  0x000002af670bae20 GCTaskThread "GC Thread#1" [stack: 0x000000cc85500000,0x000000cc85600000] [id=18452]
  0x000002af670b9170 GCTaskThread "GC Thread#2" [stack: 0x000000cc85600000,0x000000cc85700000] [id=16140]
  0x000002af670bb150 GCTaskThread "GC Thread#3" [stack: 0x000000cc85700000,0x000000cc85800000] [id=14044]
  0x000002af4765fa90 ConcurrentGCThread "G1 Main Marker" [stack: 0x000000cc83f00000,0x000000cc84000000] [id=9432]
  0x000002af47660ea0 ConcurrentGCThread "G1 Conc#0" [stack: 0x000000cc84000000,0x000000cc84100000] [id=12844]
  0x000002af476d91f0 ConcurrentGCThread "G1 Refine#0" [stack: 0x000000cc84100000,0x000000cc84200000] [id=18856]
  0x000002af6713e2a0 ConcurrentGCThread "G1 Refine#1" [stack: 0x000000cc85800000,0x000000cc85900000] [id=17340]
  0x000002af476dbcb0 ConcurrentGCThread "G1 Young RemSet Sampling" [stack: 0x000000cc84200000,0x000000cc84300000] [id=15580]

Threads with active compile tasks:
C1 CompilerThread0   541400 2652       3       java.net.URLStreamHandler::parseURL (1201 bytes)

VM state: not at safepoint (normal execution)

VM Mutex/Monitor currently owned by a thread: None

Heap address: 0x0000000081e00000, size: 2018 MB, Compressed Oops mode: 32-bit
CDS archive(s) mapped at: [0x0000000800000000-0x0000000800b50000-0x0000000800b50000), size 11862016, SharedBaseAddress: 0x0000000800000000, ArchiveRelocationMode: 0.
Compressed class space mapped at: 0x0000000800b50000-0x0000000840b50000, size: 1073741824
Narrow klass base: 0x0000000800000000, Narrow klass shift: 3, Narrow klass range: 0x100000000

GC Precious Log:
 CPUs: 4 total, 4 available
 Memory: 8067M
 Large Page Support: Disabled
 NUMA Support: Disabled
 Compressed Oops: Enabled (32-bit)
 Heap Region Size: 1M
 Heap Min Capacity: 8M
 Heap Initial Capacity: 128M
 Heap Max Capacity: 2018M
 Pre-touch: Disabled
 Parallel Workers: 4
 Concurrent Workers: 1
 Concurrent Refinement Workers: 4
 Periodic GC: Disabled

Heap:
 garbage-first heap   total 131072K, used 20818K [0x0000000081e00000, 0x0000000100000000)
  region size 1024K, 5 young (5120K), 2 survivors (2048K)
 Metaspace       used 19224K, capacity 19447K, committed 19712K, reserved 1067008K
  class space    used 2105K, capacity 2208K, committed 2304K, reserved 1048576K

Heap Regions: E=young(eden), S=young(survivor), O=old, HS=humongous(starts), HC=humongous(continues), CS=collection set, F=free, OA=open archive, CA=closed archive, TAMS=top-at-mark-start (previous, next)
|   0|0x0000000081e00000, 0x0000000081f00000, 0x0000000081f00000|100%|HS|  |TAMS 0x0000000081e00000, 0x0000000081e00000| Complete 
|   1|0x0000000081f00000, 0x0000000082000000, 0x0000000082000000|100%|HC|  |TAMS 0x0000000081f00000, 0x0000000081f00000| Complete 
|   2|0x0000000082000000, 0x0000000082100000, 0x0000000082100000|100%|HC|  |TAMS 0x0000000082000000, 0x0000000082000000| Complete 
|   3|0x0000000082100000, 0x0000000082200000, 0x0000000082200000|100%|HC|  |TAMS 0x0000000082100000, 0x0000000082100000| Complete 
|   4|0x0000000082200000, 0x0000000082300000, 0x0000000082300000|100%|HS|  |TAMS 0x0000000082200000, 0x0000000082200000| Complete 
|   5|0x0000000082300000, 0x0000000082400000, 0x0000000082400000|100%| O|  |TAMS 0x0000000082300000, 0x0000000082300000| Untracked 
|   6|0x0000000082400000, 0x0000000082500000, 0x0000000082500000|100%| O|  |TAMS 0x0000000082400000, 0x0000000082400000| Untracked 
|   7|0x0000000082500000, 0x0000000082600000, 0x0000000082600000|100%| O|  |TAMS 0x0000000082500000, 0x0000000082500000| Untracked 
|   8|0x0000000082600000, 0x0000000082700000, 0x0000000082700000|100%| O|  |TAMS 0x0000000082600000, 0x0000000082600000| Untracked 
|   9|0x0000000082700000, 0x0000000082800000, 0x0000000082800000|100%|HS|  |TAMS 0x0000000082700000, 0x0000000082700000| Complete 
|  10|0x0000000082800000, 0x0000000082900000, 0x0000000082900000|100%|HS|  |TAMS 0x0000000082800000, 0x0000000082800000| Complete 
|  11|0x0000000082900000, 0x0000000082a00000, 0x0000000082a00000|100%|HS|  |TAMS 0x0000000082900000, 0x0000000082900000| Complete 
|  12|0x0000000082a00000, 0x0000000082b00000, 0x0000000082b00000|100%|HC|  |TAMS 0x0000000082a00000, 0x0000000082a00000| Complete 
|  13|0x0000000082b00000, 0x0000000082c00000, 0x0000000082c00000|100%|HC|  |TAMS 0x0000000082b00000, 0x0000000082b00000| Complete 
|  14|0x0000000082c00000, 0x0000000082d00000, 0x0000000082d00000|100%|HC|  |TAMS 0x0000000082c00000, 0x0000000082c00000| Complete 
|  15|0x0000000082d00000, 0x0000000082e00000, 0x0000000082e00000|100%| O|  |TAMS 0x0000000082d00000, 0x0000000082d00000| Untracked 
|  16|0x0000000082e00000, 0x0000000082e54800, 0x0000000082f00000| 33%| O|  |TAMS 0x0000000082e00000, 0x0000000082e00000| Untracked 
|  17|0x0000000082f00000, 0x0000000082f00000, 0x0000000083000000|  0%| F|  |TAMS 0x0000000082f00000, 0x0000000082f00000| Untracked 
|  18|0x0000000083000000, 0x0000000083000000, 0x0000000083100000|  0%| F|  |TAMS 0x0000000083000000, 0x0000000083000000| Untracked 
|  19|0x0000000083100000, 0x0000000083100000, 0x0000000083200000|  0%| F|  |TAMS 0x0000000083100000, 0x0000000083100000| Untracked 
|  20|0x0000000083200000, 0x0000000083200000, 0x0000000083300000|  0%| F|  |TAMS 0x0000000083200000, 0x0000000083200000| Untracked 
|  21|0x0000000083300000, 0x0000000083300000, 0x0000000083400000|  0%| F|  |TAMS 0x0000000083300000, 0x0000000083300000| Untracked 
|  22|0x0000000083400000, 0x0000000083400000, 0x0000000083500000|  0%| F|  |TAMS 0x0000000083400000, 0x0000000083400000| Untracked 
|  23|0x0000000083500000, 0x0000000083500000, 0x0000000083600000|  0%| F|  |TAMS 0x0000000083500000, 0x0000000083500000| Untracked 
|  24|0x0000000083600000, 0x0000000083600000, 0x0000000083700000|  0%| F|  |TAMS 0x0000000083600000, 0x0000000083600000| Untracked 
|  25|0x0000000083700000, 0x0000000083700000, 0x0000000083800000|  0%| F|  |TAMS 0x0000000083700000, 0x0000000083700000| Untracked 
|  26|0x0000000083800000, 0x0000000083800000, 0x0000000083900000|  0%| F|  |TAMS 0x0000000083800000, 0x0000000083800000| Untracked 
|  27|0x0000000083900000, 0x0000000083900000, 0x0000000083a00000|  0%| F|  |TAMS 0x0000000083900000, 0x0000000083900000| Untracked 
|  28|0x0000000083a00000, 0x0000000083a00000, 0x0000000083b00000|  0%| F|  |TAMS 0x0000000083a00000, 0x0000000083a00000| Untracked 
|  29|0x0000000083b00000, 0x0000000083b00000, 0x0000000083c00000|  0%| F|  |TAMS 0x0000000083b00000, 0x0000000083b00000| Untracked 
|  30|0x0000000083c00000, 0x0000000083c00000, 0x0000000083d00000|  0%| F|  |TAMS 0x0000000083c00000, 0x0000000083c00000| Untracked 
|  31|0x0000000083d00000, 0x0000000083d00000, 0x0000000083e00000|  0%| F|  |TAMS 0x0000000083d00000, 0x0000000083d00000| Untracked 
|  32|0x0000000083e00000, 0x0000000083e00000, 0x0000000083f00000|  0%| F|  |TAMS 0x0000000083e00000, 0x0000000083e00000| Untracked 
|  33|0x0000000083f00000, 0x0000000083f00000, 0x0000000084000000|  0%| F|  |TAMS 0x0000000083f00000, 0x0000000083f00000| Untracked 
|  34|0x0000000084000000, 0x0000000084000000, 0x0000000084100000|  0%| F|  |TAMS 0x0000000084000000, 0x0000000084000000| Untracked 
|  35|0x0000000084100000, 0x0000000084100000, 0x0000000084200000|  0%| F|  |TAMS 0x0000000084100000, 0x0000000084100000| Untracked 
|  36|0x0000000084200000, 0x0000000084200000, 0x0000000084300000|  0%| F|  |TAMS 0x0000000084200000, 0x0000000084200000| Untracked 
|  37|0x0000000084300000, 0x0000000084300000, 0x0000000084400000|  0%| F|  |TAMS 0x0000000084300000, 0x0000000084300000| Untracked 
|  38|0x0000000084400000, 0x0000000084400000, 0x0000000084500000|  0%| F|  |TAMS 0x0000000084400000, 0x0000000084400000| Untracked 
|  39|0x0000000084500000, 0x0000000084500000, 0x0000000084600000|  0%| F|  |TAMS 0x0000000084500000, 0x0000000084500000| Untracked 
|  40|0x0000000084600000, 0x0000000084600000, 0x0000000084700000|  0%| F|  |TAMS 0x0000000084600000, 0x0000000084600000| Untracked 
|  41|0x0000000084700000, 0x0000000084700000, 0x0000000084800000|  0%| F|  |TAMS 0x0000000084700000, 0x0000000084700000| Untracked 
|  42|0x0000000084800000, 0x0000000084800000, 0x0000000084900000|  0%| F|  |TAMS 0x0000000084800000, 0x0000000084800000| Untracked 
|  43|0x0000000084900000, 0x0000000084900000, 0x0000000084a00000|  0%| F|  |TAMS 0x0000000084900000, 0x0000000084900000| Untracked 
|  44|0x0000000084a00000, 0x0000000084a00000, 0x0000000084b00000|  0%| F|  |TAMS 0x0000000084a00000, 0x0000000084a00000| Untracked 
|  45|0x0000000084b00000, 0x0000000084b00000, 0x0000000084c00000|  0%| F|  |TAMS 0x0000000084b00000, 0x0000000084b00000| Untracked 
|  46|0x0000000084c00000, 0x0000000084c00000, 0x0000000084d00000|  0%| F|  |TAMS 0x0000000084c00000, 0x0000000084c00000| Untracked 
|  47|0x0000000084d00000, 0x0000000084d00000, 0x0000000084e00000|  0%| F|  |TAMS 0x0000000084d00000, 0x0000000084d00000| Untracked 
|  48|0x0000000084e00000, 0x0000000084e00000, 0x0000000084f00000|  0%| F|  |TAMS 0x0000000084e00000, 0x0000000084e00000| Untracked 
|  49|0x0000000084f00000, 0x0000000084f00000, 0x0000000085000000|  0%| F|  |TAMS 0x0000000084f00000, 0x0000000084f00000| Untracked 
|  50|0x0000000085000000, 0x0000000085000000, 0x0000000085100000|  0%| F|  |TAMS 0x0000000085000000, 0x0000000085000000| Untracked 
|  51|0x0000000085100000, 0x0000000085100000, 0x0000000085200000|  0%| F|  |TAMS 0x0000000085100000, 0x0000000085100000| Untracked 
|  52|0x0000000085200000, 0x0000000085200000, 0x0000000085300000|  0%| F|  |TAMS 0x0000000085200000, 0x0000000085200000| Untracked 
|  53|0x0000000085300000, 0x0000000085300000, 0x0000000085400000|  0%| F|  |TAMS 0x0000000085300000, 0x0000000085300000| Untracked 
|  54|0x0000000085400000, 0x0000000085400000, 0x0000000085500000|  0%| F|  |TAMS 0x0000000085400000, 0x0000000085400000| Untracked 
|  55|0x0000000085500000, 0x0000000085500000, 0x0000000085600000|  0%| F|  |TAMS 0x0000000085500000, 0x0000000085500000| Untracked 
|  56|0x0000000085600000, 0x0000000085600000, 0x0000000085700000|  0%| F|  |TAMS 0x0000000085600000, 0x0000000085600000| Untracked 
|  57|0x0000000085700000, 0x0000000085700000, 0x0000000085800000|  0%| F|  |TAMS 0x0000000085700000, 0x0000000085700000| Untracked 
|  58|0x0000000085800000, 0x0000000085800000, 0x0000000085900000|  0%| F|  |TAMS 0x0000000085800000, 0x0000000085800000| Untracked 
|  59|0x0000000085900000, 0x0000000085900000, 0x0000000085a00000|  0%| F|  |TAMS 0x0000000085900000, 0x0000000085900000| Untracked 
|  60|0x0000000085a00000, 0x0000000085a00000, 0x0000000085b00000|  0%| F|  |TAMS 0x0000000085a00000, 0x0000000085a00000| Untracked 
|  61|0x0000000085b00000, 0x0000000085b00000, 0x0000000085c00000|  0%| F|  |TAMS 0x0000000085b00000, 0x0000000085b00000| Untracked 
|  62|0x0000000085c00000, 0x0000000085c00000, 0x0000000085d00000|  0%| F|  |TAMS 0x0000000085c00000, 0x0000000085c00000| Untracked 
|  63|0x0000000085d00000, 0x0000000085d00000, 0x0000000085e00000|  0%| F|  |TAMS 0x0000000085d00000, 0x0000000085d00000| Untracked 
|  64|0x0000000085e00000, 0x0000000085e00000, 0x0000000085f00000|  0%| F|  |TAMS 0x0000000085e00000, 0x0000000085e00000| Untracked 
|  65|0x0000000085f00000, 0x0000000085f00000, 0x0000000086000000|  0%| F|  |TAMS 0x0000000085f00000, 0x0000000085f00000| Untracked 
|  66|0x0000000086000000, 0x0000000086000000, 0x0000000086100000|  0%| F|  |TAMS 0x0000000086000000, 0x0000000086000000| Untracked 
|  67|0x0000000086100000, 0x0000000086100000, 0x0000000086200000|  0%| F|  |TAMS 0x0000000086100000, 0x0000000086100000| Untracked 
|  68|0x0000000086200000, 0x0000000086200000, 0x0000000086300000|  0%| F|  |TAMS 0x0000000086200000, 0x0000000086200000| Untracked 
|  69|0x0000000086300000, 0x0000000086300000, 0x0000000086400000|  0%| F|  |TAMS 0x0000000086300000, 0x0000000086300000| Untracked 
|  70|0x0000000086400000, 0x0000000086400000, 0x0000000086500000|  0%| F|  |TAMS 0x0000000086400000, 0x0000000086400000| Untracked 
|  71|0x0000000086500000, 0x0000000086500000, 0x0000000086600000|  0%| F|  |TAMS 0x0000000086500000, 0x0000000086500000| Untracked 
|  72|0x0000000086600000, 0x0000000086600000, 0x0000000086700000|  0%| F|  |TAMS 0x0000000086600000, 0x0000000086600000| Untracked 
|  73|0x0000000086700000, 0x0000000086700000, 0x0000000086800000|  0%| F|  |TAMS 0x0000000086700000, 0x0000000086700000| Untracked 
|  74|0x0000000086800000, 0x0000000086800000, 0x0000000086900000|  0%| F|  |TAMS 0x0000000086800000, 0x0000000086800000| Untracked 
|  75|0x0000000086900000, 0x0000000086900000, 0x0000000086a00000|  0%| F|  |TAMS 0x0000000086900000, 0x0000000086900000| Untracked 
|  76|0x0000000086a00000, 0x0000000086a00000, 0x0000000086b00000|  0%| F|  |TAMS 0x0000000086a00000, 0x0000000086a00000| Untracked 
|  77|0x0000000086b00000, 0x0000000086b00000, 0x0000000086c00000|  0%| F|  |TAMS 0x0000000086b00000, 0x0000000086b00000| Untracked 
|  78|0x0000000086c00000, 0x0000000086c00000, 0x0000000086d00000|  0%| F|  |TAMS 0x0000000086c00000, 0x0000000086c00000| Untracked 
|  79|0x0000000086d00000, 0x0000000086d00000, 0x0000000086e00000|  0%| F|  |TAMS 0x0000000086d00000, 0x0000000086d00000| Untracked 
|  80|0x0000000086e00000, 0x0000000086e00000, 0x0000000086f00000|  0%| F|  |TAMS 0x0000000086e00000, 0x0000000086e00000| Untracked 
|  81|0x0000000086f00000, 0x0000000086f00000, 0x0000000087000000|  0%| F|  |TAMS 0x0000000086f00000, 0x0000000086f00000| Untracked 
|  82|0x0000000087000000, 0x0000000087000000, 0x0000000087100000|  0%| F|  |TAMS 0x0000000087000000, 0x0000000087000000| Untracked 
|  83|0x0000000087100000, 0x0000000087100000, 0x0000000087200000|  0%| F|  |TAMS 0x0000000087100000, 0x0000000087100000| Untracked 
|  84|0x0000000087200000, 0x0000000087200000, 0x0000000087300000|  0%| F|  |TAMS 0x0000000087200000, 0x0000000087200000| Untracked 
|  85|0x0000000087300000, 0x0000000087300000, 0x0000000087400000|  0%| F|  |TAMS 0x0000000087300000, 0x0000000087300000| Untracked 
|  86|0x0000000087400000, 0x0000000087400000, 0x0000000087500000|  0%| F|  |TAMS 0x0000000087400000, 0x0000000087400000| Untracked 
|  87|0x0000000087500000, 0x0000000087500000, 0x0000000087600000|  0%| F|  |TAMS 0x0000000087500000, 0x0000000087500000| Untracked 
|  88|0x0000000087600000, 0x0000000087600000, 0x0000000087700000|  0%| F|  |TAMS 0x0000000087600000, 0x0000000087600000| Untracked 
|  89|0x0000000087700000, 0x0000000087700000, 0x0000000087800000|  0%| F|  |TAMS 0x0000000087700000, 0x0000000087700000| Untracked 
|  90|0x0000000087800000, 0x0000000087800000, 0x0000000087900000|  0%| F|  |TAMS 0x0000000087800000, 0x0000000087800000| Untracked 
|  91|0x0000000087900000, 0x0000000087900000, 0x0000000087a00000|  0%| F|  |TAMS 0x0000000087900000, 0x0000000087900000| Untracked 
|  92|0x0000000087a00000, 0x0000000087a00000, 0x0000000087b00000|  0%| F|  |TAMS 0x0000000087a00000, 0x0000000087a00000| Untracked 
|  93|0x0000000087b00000, 0x0000000087b00000, 0x0000000087c00000|  0%| F|  |TAMS 0x0000000087b00000, 0x0000000087b00000| Untracked 
|  94|0x0000000087c00000, 0x0000000087c00000, 0x0000000087d00000|  0%| F|  |TAMS 0x0000000087c00000, 0x0000000087c00000| Untracked 
|  95|0x0000000087d00000, 0x0000000087d00000, 0x0000000087e00000|  0%| F|  |TAMS 0x0000000087d00000, 0x0000000087d00000| Untracked 
|  96|0x0000000087e00000, 0x0000000087e00000, 0x0000000087f00000|  0%| F|  |TAMS 0x0000000087e00000, 0x0000000087e00000| Untracked 
|  97|0x0000000087f00000, 0x0000000087f00000, 0x0000000088000000|  0%| F|  |TAMS 0x0000000087f00000, 0x0000000087f00000| Untracked 
|  98|0x0000000088000000, 0x0000000088000000, 0x0000000088100000|  0%| F|  |TAMS 0x0000000088000000, 0x0000000088000000| Untracked 
|  99|0x0000000088100000, 0x0000000088100000, 0x0000000088200000|  0%| F|  |TAMS 0x0000000088100000, 0x0000000088100000| Untracked 
| 100|0x0000000088200000, 0x0000000088200000, 0x0000000088300000|  0%| F|  |TAMS 0x0000000088200000, 0x0000000088200000| Untracked 
| 101|0x0000000088300000, 0x0000000088300000, 0x0000000088400000|  0%| F|  |TAMS 0x0000000088300000, 0x0000000088300000| Untracked 
| 102|0x0000000088400000, 0x0000000088400000, 0x0000000088500000|  0%| F|  |TAMS 0x0000000088400000, 0x0000000088400000| Untracked 
| 103|0x0000000088500000, 0x0000000088600000, 0x0000000088600000|100%| S|CS|TAMS 0x0000000088500000, 0x0000000088500000| Complete 
| 104|0x0000000088600000, 0x0000000088700000, 0x0000000088700000|100%| S|CS|TAMS 0x0000000088600000, 0x0000000088600000| Complete 
| 105|0x0000000088700000, 0x0000000088700000, 0x0000000088800000|  0%| F|  |TAMS 0x0000000088700000, 0x0000000088700000| Untracked 
| 106|0x0000000088800000, 0x0000000088800000, 0x0000000088900000|  0%| F|  |TAMS 0x0000000088800000, 0x0000000088800000| Untracked 
| 107|0x0000000088900000, 0x0000000088900000, 0x0000000088a00000|  0%| F|  |TAMS 0x0000000088900000, 0x0000000088900000| Untracked 
| 108|0x0000000088a00000, 0x0000000088a00000, 0x0000000088b00000|  0%| F|  |TAMS 0x0000000088a00000, 0x0000000088a00000| Untracked 
| 109|0x0000000088b00000, 0x0000000088b00000, 0x0000000088c00000|  0%| F|  |TAMS 0x0000000088b00000, 0x0000000088b00000| Untracked 
| 110|0x0000000088c00000, 0x0000000088c00000, 0x0000000088d00000|  0%| F|  |TAMS 0x0000000088c00000, 0x0000000088c00000| Untracked 
| 111|0x0000000088d00000, 0x0000000088d00000, 0x0000000088e00000|  0%| F|  |TAMS 0x0000000088d00000, 0x0000000088d00000| Untracked 
| 112|0x0000000088e00000, 0x0000000088e00000, 0x0000000088f00000|  0%| F|  |TAMS 0x0000000088e00000, 0x0000000088e00000| Untracked 
| 113|0x0000000088f00000, 0x0000000088f00000, 0x0000000089000000|  0%| F|  |TAMS 0x0000000088f00000, 0x0000000088f00000| Untracked 
| 114|0x0000000089000000, 0x0000000089000000, 0x0000000089100000|  0%| F|  |TAMS 0x0000000089000000, 0x0000000089000000| Untracked 
| 115|0x0000000089100000, 0x0000000089100000, 0x0000000089200000|  0%| F|  |TAMS 0x0000000089100000, 0x0000000089100000| Untracked 
| 116|0x0000000089200000, 0x0000000089200000, 0x0000000089300000|  0%| F|  |TAMS 0x0000000089200000, 0x0000000089200000| Untracked 
| 117|0x0000000089300000, 0x0000000089300000, 0x0000000089400000|  0%| F|  |TAMS 0x0000000089300000, 0x0000000089300000| Untracked 
| 118|0x0000000089400000, 0x0000000089400000, 0x0000000089500000|  0%| F|  |TAMS 0x0000000089400000, 0x0000000089400000| Untracked 
| 119|0x0000000089500000, 0x0000000089500000, 0x0000000089600000|  0%| F|  |TAMS 0x0000000089500000, 0x0000000089500000| Untracked 
| 120|0x0000000089600000, 0x0000000089600000, 0x0000000089700000|  0%| F|  |TAMS 0x0000000089600000, 0x0000000089600000| Untracked 
| 121|0x0000000089700000, 0x0000000089700000, 0x0000000089800000|  0%| F|  |TAMS 0x0000000089700000, 0x0000000089700000| Untracked 
| 122|0x0000000089800000, 0x0000000089800000, 0x0000000089900000|  0%| F|  |TAMS 0x0000000089800000, 0x0000000089800000| Untracked 
| 123|0x0000000089900000, 0x0000000089900000, 0x0000000089a00000|  0%| F|  |TAMS 0x0000000089900000, 0x0000000089900000| Untracked 
| 124|0x0000000089a00000, 0x0000000089a00000, 0x0000000089b00000|  0%| F|  |TAMS 0x0000000089a00000, 0x0000000089a00000| Untracked 
| 125|0x0000000089b00000, 0x0000000089bf8520, 0x0000000089c00000| 97%| E|  |TAMS 0x0000000089b00000, 0x0000000089b00000| Complete 
| 126|0x0000000089c00000, 0x0000000089d00000, 0x0000000089d00000|100%| E|CS|TAMS 0x0000000089c00000, 0x0000000089c00000| Complete 
| 127|0x0000000089d00000, 0x0000000089e00000, 0x0000000089e00000|100%| E|CS|TAMS 0x0000000089d00000, 0x0000000089d00000| Complete 

Card table byte_map: [0x000002af5ec50000,0x000002af5f050000] _byte_map_base: 0x000002af5e841000

Marking Bits (Prev, Next): (CMBitMap*) 0x000002af4764f3f0, (CMBitMap*) 0x000002af4764f430
 Prev Bits: [0x000002af5f450000, 0x000002af613d8000)
 Next Bits: [0x000002af613e0000, 0x000002af63368000)

Polling page: 0x000002af455f0000

Metaspace:

Usage:
  Non-class:     16.83 MB capacity,    16.72 MB (>99%) used,    95.98 KB ( <1%) free+waste,    23.88 KB ( <1%) overhead. 
      Class:      2.16 MB capacity,     2.06 MB ( 95%) used,    93.41 KB (  4%) free+waste,     8.88 KB ( <1%) overhead. 
       Both:     18.99 MB capacity,    18.77 MB ( 99%) used,   189.38 KB ( <1%) free+waste,    32.75 KB ( <1%) overhead. 

Virtual space:
  Non-class space:       18.00 MB reserved,      17.00 MB ( 94%) committed 
      Class space:        1.00 GB reserved,       2.25 MB ( <1%) committed 
             Both:        1.02 GB reserved,      19.25 MB (  2%) committed 

Chunk freelists:
   Non-Class:  41.00 KB
       Class:  0 bytes
        Both:  41.00 KB

MaxMetaspaceSize: 17179869184.00 GB
CompressedClassSpaceSize: 1.00 GB

CodeHeap 'non-profiled nmethods': size=120000Kb used=946Kb max_used=946Kb free=119053Kb
 bounds [0x000002af57320000, 0x000002af57590000, 0x000002af5e850000]
CodeHeap 'profiled nmethods': size=120000Kb used=5040Kb max_used=5040Kb free=114959Kb
 bounds [0x000002af4fdf0000, 0x000002af502e0000, 0x000002af57320000]
CodeHeap 'non-nmethods': size=5760Kb used=1386Kb max_used=1422Kb free=4373Kb
 bounds [0x000002af4f850000, 0x000002af4fac0000, 0x000002af4fdf0000]
 total_blobs=3352 nmethods=2650 adapters=614
 compilation: enabled
              stopped_count=0, restarted_count=0
 full_count=0

Compilation events (20 events):
Event: 189.805 Thread 0x000002af658504d0 nmethod 2642 0x000002af5740c610 code [0x000002af5740c7a0, 0x000002af5740c858]
Event: 204.834 Thread 0x000002af658504d0 2643       3       sun.net.util.IPAddressUtil::scan (92 bytes)
Event: 204.837 Thread 0x000002af658504d0 nmethod 2643 0x000002af502d2610 code [0x000002af502d2860, 0x000002af502d3358]
Event: 229.879 Thread 0x000002af658504d0 2644  s!   3       jdk.internal.loader.URLClassPath::getLoader (194 bytes)
Event: 229.882 Thread 0x000002af658504d0 nmethod 2644 0x000002af502d3910 code [0x000002af502d3c00, 0x000002af502d4f28]
Event: 234.889 Thread 0x000002af658504d0 2645   !   3       java.net.URL::set (114 bytes)
Event: 234.891 Thread 0x000002af658504d0 nmethod 2645 0x000002af502d5690 code [0x000002af502d58e0, 0x000002af502d6378]
Event: 345.068 Thread 0x000002af658504d0 2646       3       jdk.internal.module.Resources::toPackageName (39 bytes)
Event: 345.071 Thread 0x000002af658504d0 nmethod 2646 0x000002af502d6710 code [0x000002af502d6940, 0x000002af502d6f98]
Event: 370.100 Thread 0x000002af658504d0 2647   !   3       jdk.internal.loader.BuiltinClassLoader::findMiscResource (122 bytes)
Event: 370.102 Thread 0x000002af658504d0 nmethod 2647 0x000002af502d7210 code [0x000002af502d74c0, 0x000002af502d8768]
Event: 370.102 Thread 0x000002af658504d0 2648       3       jdk.internal.loader.BuiltinClassLoader::checkURL (5 bytes)
Event: 370.103 Thread 0x000002af658504d0 nmethod 2648 0x000002af502d8c10 code [0x000002af502d8dc0, 0x000002af502d8fa8]
Event: 370.103 Thread 0x000002af658504d0 2649   !   3       jdk.internal.loader.URLClassPath::checkURL (16 bytes)
Event: 370.103 Thread 0x000002af658504d0 nmethod 2649 0x000002af502d9090 code [0x000002af502d9240, 0x000002af502d93e8]
Event: 385.125 Thread 0x000002af658504d0 2650   !   3       jdk.internal.loader.BuiltinClassLoader::findResource (154 bytes)
Event: 385.128 Thread 0x000002af658504d0 nmethod 2650 0x000002af502d9490 code [0x000002af502d97e0, 0x000002af502dac28]
Event: 385.128 Thread 0x000002af658504d0 2651       3       jdk.internal.loader.BuiltinClassLoader::findResourceOnClassPath (41 bytes)
Event: 385.129 Thread 0x000002af658504d0 nmethod 2651 0x000002af502db410 code [0x000002af502db640, 0x000002af502dbef8]
Event: 540.413 Thread 0x000002af658504d0 2652       3       java.net.URLStreamHandler::parseURL (1201 bytes)

GC Heap History (6 events):
Event: 0.692 GC heap before
{Heap before GC invocations=0 (full 0):
 garbage-first heap   total 131072K, used 17408K [0x0000000081e00000, 0x0000000100000000)
  region size 1024K, 13 young (13312K), 0 survivors (0K)
 Metaspace       used 8646K, capacity 8872K, committed 9088K, reserved 1056768K
  class space    used 1015K, capacity 1098K, committed 1152K, reserved 1048576K
}
Event: 0.699 GC heap after
{Heap after GC invocations=1 (full 0):
 garbage-first heap   total 131072K, used 8055K [0x0000000081e00000, 0x0000000100000000)
  region size 1024K, 2 young (2048K), 2 survivors (2048K)
 Metaspace       used 8646K, capacity 8872K, committed 9088K, reserved 1056768K
  class space    used 1015K, capacity 1098K, committed 1152K, reserved 1048576K
}
Event: 1.359 GC heap before
{Heap before GC invocations=1 (full 0):
 garbage-first heap   total 131072K, used 21367K [0x0000000081e00000, 0x0000000100000000)
  region size 1024K, 15 young (15360K), 2 survivors (2048K)
 Metaspace       used 15099K, capacity 15331K, committed 15488K, reserved 1062912K
  class space    used 1744K, capacity 1843K, committed 1920K, reserved 1048576K
}
Event: 1.367 GC heap after
{Heap after GC invocations=2 (full 0):
 garbage-first heap   total 131072K, used 10437K [0x0000000081e00000, 0x0000000100000000)
  region size 1024K, 2 young (2048K), 2 survivors (2048K)
 Metaspace       used 15099K, capacity 15331K, committed 15488K, reserved 1062912K
  class space    used 1744K, capacity 1843K, committed 1920K, reserved 1048576K
}
Event: 19.511 GC heap before
{Heap before GC invocations=2 (full 0):
 garbage-first heap   total 131072K, used 37061K [0x0000000081e00000, 0x0000000100000000)
  region size 1024K, 23 young (23552K), 2 survivors (2048K)
 Metaspace       used 19108K, capacity 19383K, committed 19712K, reserved 1067008K
  class space    used 2100K, capacity 2208K, committed 2304K, reserved 1048576K
}
Event: 19.525 GC heap after
{Heap after GC invocations=3 (full 0):
 garbage-first heap   total 131072K, used 18770K [0x0000000081e00000, 0x0000000100000000)
  region size 1024K, 2 young (2048K), 2 survivors (2048K)
 Metaspace       used 19108K, capacity 19383K, committed 19712K, reserved 1067008K
  class space    used 2100K, capacity 2208K, committed 2304K, reserved 1048576K
}

Deoptimization events (20 events):
Event: 2.243 Thread 0x000002af673995a0 DEOPT PACKING pc=0x000002af573c86e4 sp=0x000000cc859fc960
Event: 2.243 Thread 0x000002af673995a0 DEOPT UNPACKING pc=0x000002af4f89e42f sp=0x000000cc859fc888 mode 2
Event: 19.935 Thread 0x000002af673995a0 DEOPT PACKING pc=0x000002af5023d57d sp=0x000000cc859fc5f0
Event: 19.935 Thread 0x000002af673995a0 DEOPT UNPACKING pc=0x000002af4f89e23f sp=0x000000cc859fba60 mode 0
Event: 24.488 Thread 0x000002af673995a0 Uncommon trap: trap_request=0xffffff45 fr.pc=0x000002af57401620 relative=0x0000000000000bc0
Event: 24.488 Thread 0x000002af673995a0 Uncommon trap: reason=unstable_if action=reinterpret pc=0x000002af57401620 method=java.awt.Container$MouseEventTargetFilter.accept(Ljava/awt/Component;)Z @ 10 c2
Event: 24.488 Thread 0x000002af673995a0 DEOPT PACKING pc=0x000002af57401620 sp=0x000000cc859fe860
Event: 24.488 Thread 0x000002af673995a0 DEOPT UNPACKING pc=0x000002af4f89e42f sp=0x000000cc859fe700 mode 2
Event: 25.551 Thread 0x000002af673995a0 Uncommon trap: trap_request=0xffffff45 fr.pc=0x000002af573fd064 relative=0x0000000000000044
Event: 25.551 Thread 0x000002af673995a0 Uncommon trap: reason=unstable_if action=reinterpret pc=0x000002af573fd064 method=java.security.AccessController.getContext()Ljava/security/AccessControlContext; @ 5 c2
Event: 25.551 Thread 0x000002af673995a0 DEOPT PACKING pc=0x000002af573fd064 sp=0x000000cc859fdc10
Event: 25.551 Thread 0x000002af673995a0 DEOPT UNPACKING pc=0x000002af4f89e42f sp=0x000000cc859fdba8 mode 2
Event: 25.575 Thread 0x000002af673995a0 Uncommon trap: trap_request=0xffffff45 fr.pc=0x000002af57405db0 relative=0x0000000000002d70
Event: 25.575 Thread 0x000002af673995a0 Uncommon trap: reason=unstable_if action=reinterpret pc=0x000002af57405db0 method=java.awt.EventQueue.getPriority(Ljava/awt/AWTEvent;)I @ 4 c2
Event: 25.575 Thread 0x000002af673995a0 DEOPT PACKING pc=0x000002af57405db0 sp=0x000000cc859fefd0
Event: 25.575 Thread 0x000002af673995a0 DEOPT UNPACKING pc=0x000002af4f89e42f sp=0x000000cc859fee98 mode 2
Event: 25.575 Thread 0x000002af673995a0 Uncommon trap: trap_request=0xffffff45 fr.pc=0x000002af5740b2f8 relative=0x0000000000000058
Event: 25.575 Thread 0x000002af673995a0 Uncommon trap: reason=unstable_if action=reinterpret pc=0x000002af5740b2f8 method=java.awt.EventQueue.eventToCacheIndex(Ljava/awt/AWTEvent;)I @ 71 c2
Event: 25.575 Thread 0x000002af673995a0 DEOPT PACKING pc=0x000002af5740b2f8 sp=0x000000cc859fedd0
Event: 25.575 Thread 0x000002af673995a0 DEOPT UNPACKING pc=0x000002af4f89e42f sp=0x000000cc859fed68 mode 2

Classes unloaded (0 events):
No events

Classes redefined (0 events):
No events

Internal exceptions (20 events):
Event: 0.204 Thread 0x000002af47613560 Exception <a 'java/lang/NoSuchMethodError'{0x0000000089ccd440}: 'java.lang.Object java.lang.invoke.DirectMethodHandle$Holder.invokeStatic(java.lang.Object)'> (0x0000000089ccd440) 
thrown [./open/src/hotspot/share/interpreter/linkResolver.cpp, line 782]
Event: 0.254 Thread 0x000002af47613560 Exception <a 'java/lang/NoSuchMethodError'{0x0000000089b29180}: 'java.lang.Object java.lang.invoke.DirectMethodHandle$Holder.invokeStaticInit(java.lang.Object)'> (0x0000000089b29180) 
thrown [./open/src/hotspot/share/interpreter/linkResolver.cpp, line 782]
Event: 0.309 Thread 0x000002af47613560 Exception <a 'java/lang/NoSuchMethodError'{0x0000000089bddd40}: 'java.lang.Object java.lang.invoke.DirectMethodHandle$Holder.newInvokeSpecial(java.lang.Object, java.lang.Object, java.lang.Object, java.lang.Object, java.lang.Object)'> (0x0000000089bddd40) 
thrown [./open/src/hotspot/share/interpreter/linkResolver.cpp, line 782]
Event: 0.311 Thread 0x000002af47613560 Exception <a 'java/lang/NoSuchMethodError'{0x0000000089be97d0}: 'java.lang.Object java.lang.invoke.DirectMethodHandle$Holder.invokeStatic(java.lang.Object, int, java.lang.Object, java.lang.Object, java.lang.Object, java.lang.Object)'> (0x0000000089be97d0) 
thrown [./open/src/hotspot/share/interpreter/linkResolver.cpp, line 782]
Event: 0.317 Thread 0x000002af47613560 Exception <a 'java/lang/NoSuchMethodError'{0x0000000089a0ff18}: 'java.lang.Object java.lang.invoke.DirectMethodHandle$Holder.invokeStatic(java.lang.Object, int, java.lang.Object)'> (0x0000000089a0ff18) 
thrown [./open/src/hotspot/share/interpreter/linkResolver.cpp, line 782]
Event: 0.350 Thread 0x000002af47613560 Exception <a 'java/lang/ClassNotFoundException'{0x0000000089ac8c58}: com/sun/swing/internal/plaf/metal/resources/spi/metalProvider> (0x0000000089ac8c58) 
thrown [./open/src/hotspot/share/classfile/systemDictionary.cpp, line 295]
Event: 0.352 Thread 0x000002af47613560 Exception <a 'java/lang/ClassNotFoundException'{0x0000000089acd038}: com/sun/swing/internal/plaf/basic/resources/spi/basicProvider> (0x0000000089acd038) 
thrown [./open/src/hotspot/share/classfile/systemDictionary.cpp, line 295]
Event: 0.530 Thread 0x000002af67083260 Exception <a 'java/lang/NoSuchMethodError'{0x00000000897325b8}: 'java.lang.Object java.lang.invoke.DirectMethodHandle$Holder.newInvokeSpecial(java.lang.Object, java.lang.Object, java.lang.Object, int, int, int, int, int)'> (0x00000000897325b8) 
thrown [./open/src/hotspot/share/interpreter/linkResolver.cpp, line 782]
Event: 0.631 Thread 0x000002af47613560 Exception <a 'java/lang/NoSuchMethodError'{0x00000000892b5700}: 'java.lang.Object java.lang.invoke.DirectMethodHandle$Holder.invokeInterface(java.lang.Object, java.lang.Object)'> (0x00000000892b5700) 
thrown [./open/src/hotspot/share/interpreter/linkResolver.cpp, line 782]
Event: 0.670 Thread 0x000002af47613560 Exception <a 'java/lang/NoSuchMethodError'{0x0000000089145558}: 'void java.lang.invoke.DirectMethodHandle$Holder.invokeStatic(java.lang.Object, java.lang.Object, java.lang.Object)'> (0x0000000089145558) 
thrown [./open/src/hotspot/share/interpreter/linkResolver.cpp, line 782]
Event: 0.672 Thread 0x000002af47613560 Exception <a 'java/lang/NoSuchMethodError'{0x00000000891501a8}: 'java.lang.Object java.lang.invoke.DirectMethodHandle$Holder.invokeVirtual(java.lang.Object, java.lang.Object, java.lang.Object)'> (0x00000000891501a8) 
thrown [./open/src/hotspot/share/interpreter/linkResolver.cpp, line 782]
Event: 0.803 Thread 0x000002af47613560 Exception <a 'java/lang/NoSuchMethodError'{0x0000000089b92c88}: 'void java.lang.invoke.DirectMethodHandle$Holder.invokeStatic(java.lang.Object, java.lang.Object)'> (0x0000000089b92c88) 
thrown [./open/src/hotspot/share/interpreter/linkResolver.cpp, line 782]
Event: 0.852 Thread 0x000002af47613560 Exception <a 'java/lang/NoSuchMethodError'{0x0000000089a859b0}: 'void java.lang.invoke.DirectMethodHandle$Holder.invokeStaticInit(java.lang.Object, java.lang.Object)'> (0x0000000089a859b0) 
thrown [./open/src/hotspot/share/interpreter/linkResolver.cpp, line 782]
Event: 0.976 Thread 0x000002af47613560 Exception <a 'java/lang/NoSuchMethodError'{0x00000000898e90f8}: 'java.lang.Object java.lang.invoke.DirectMethodHandle$Holder.invokeStaticInit(java.lang.Object, int, int, int, int)'> (0x00000000898e90f8) 
thrown [./open/src/hotspot/share/interpreter/linkResolver.cpp, line 782]
Event: 0.979 Thread 0x000002af47613560 Exception <a 'sun/nio/fs/WindowsException'{0x00000000898ef918}> (0x00000000898ef918) 
thrown [./open/src/hotspot/share/prims/jni.cpp, line 578]
Event: 1.001 Thread 0x000002af47613560 Exception <a 'java/lang/NoSuchMethodError'{0x000000008971a2a0}: 'int java.lang.invoke.DirectMethodHandle$Holder.invokeStaticInit(java.lang.Object, java.lang.Object, java.lang.Object, java.lang.Object)'> (0x000000008971a2a0) 
thrown [./open/src/hotspot/share/interpreter/linkResolver.cpp, line 782]
Event: 1.003 Thread 0x000002af47613560 Exception <a 'java/lang/IncompatibleClassChangeError'{0x0000000089723ef8}: Found class java.lang.Object, but interface was expected> (0x0000000089723ef8) 
thrown [./open/src/hotspot/share/interpreter/linkResolver.cpp, line 848]
Event: 1.005 Thread 0x000002af47613560 Exception <a 'java/lang/NoSuchMethodError'{0x0000000089729f28}: 'int java.lang.invoke.DirectMethodHandle$Holder.invokeStaticInit(java.lang.Object, java.lang.Object)'> (0x0000000089729f28) 
thrown [./open/src/hotspot/share/interpreter/linkResolver.cpp, line 782]
Event: 1.186 Thread 0x000002af47613560 Exception <a 'java/lang/NoSuchMethodError'{0x0000000089495330}: 'java.lang.Object java.lang.invoke.DirectMethodHandle$Holder.invokeStaticInit(java.lang.Object, java.lang.Object, int, int, int, int)'> (0x0000000089495330) 
thrown [./open/src/hotspot/share/interpreter/linkResolver.cpp, line 782]
Event: 1.791 Thread 0x000002af47613560 Exception <a 'java/lang/NoSuchMethodError'{0x00000000895356b8}: 'void java.lang.invoke.DirectMethodHandle$Holder.invokeStaticInit(java.lang.Object)'> (0x00000000895356b8) 
thrown [./open/src/hotspot/share/interpreter/linkResolver.cpp, line 782]

Events (20 events):
Event: 6.616 Thread 0x000002af665a6600 Thread exited: 0x000002af665a6600
Event: 6.636 Thread 0x000002af67083260 Thread exited: 0x000002af67083260
Event: 7.268 Executing VM operation: HandshakeAllThreads
Event: 7.268 Executing VM operation: HandshakeAllThreads done
Event: 19.511 Executing VM operation: G1CollectForAllocation
Event: 19.525 Executing VM operation: G1CollectForAllocation done
Event: 19.526 loading class sun/security/ssl/Alert
Event: 19.527 loading class sun/security/ssl/Alert done
Event: 19.529 loading class sun/security/ssl/Alert$AlertConsumer
Event: 19.529 loading class sun/security/ssl/Alert$AlertConsumer done
Event: 19.529 loading class sun/security/ssl/Alert$Level
Event: 19.529 loading class sun/security/ssl/Alert$Level done
Event: 19.531 loading class javax/crypto/AEADBadTagException
Event: 19.532 loading class javax/crypto/AEADBadTagException done
Event: 25.550 loading class java/awt/KeyboardFocusManager$2
Event: 25.550 loading class java/awt/KeyboardFocusManager$2 done
Event: 25.551 loading class sun/awt/SunToolkit$1
Event: 25.551 loading class sun/awt/SunToolkit$1 done
Event: 25.634 loading class java/awt/LightweightDispatcher$2
Event: 25.634 loading class java/awt/LightweightDispatcher$2 done


Dynamic libraries:
0x00007ff603f80000 - 0x00007ff603f8f000 	C:\Program Files\Java\jdk-15.0.2\bin\java.exe
0x00007ffcb4bf0000 - 0x00007ffcb4de5000 	C:\WINDOWS\SYSTEM32\ntdll.dll
0x00007ffcb3060000 - 0x00007ffcb311d000 	C:\WINDOWS\System32\KERNEL32.DLL
0x00007ffcb23d0000 - 0x00007ffcb2699000 	C:\WINDOWS\System32\KERNELBASE.dll
0x00007ffcb2890000 - 0x00007ffcb2990000 	C:\WINDOWS\System32\ucrtbase.dll
0x00007ffca02c0000 - 0x00007ffca02d9000 	C:\Program Files\Java\jdk-15.0.2\bin\VCRUNTIME140.dll
0x00007ffcae320000 - 0x00007ffcae338000 	C:\Program Files\Java\jdk-15.0.2\bin\jli.dll
0x00007ffcb3480000 - 0x00007ffcb352c000 	C:\WINDOWS\System32\ADVAPI32.dll
0x00007ffcb4b10000 - 0x00007ffcb4bae000 	C:\WINDOWS\System32\msvcrt.dll
0x00007ffcb39e0000 - 0x00007ffcb3a7c000 	C:\WINDOWS\System32\sechost.dll
0x00007ffcb3d80000 - 0x00007ffcb3eab000 	C:\WINDOWS\System32\RPCRT4.dll
0x00007ffcb2db0000 - 0x00007ffcb2f50000 	C:\WINDOWS\System32\USER32.dll
0x00007ffcb29f0000 - 0x00007ffcb2a12000 	C:\WINDOWS\System32\win32u.dll
0x00007ffca5020000 - 0x00007ffca52ba000 	C:\WINDOWS\WinSxS\amd64_microsoft.windows.common-controls_6595b64144ccf1df_6.0.19041.844_none_ca00b6081b84eb1d\COMCTL32.dll
0x00007ffcb39a0000 - 0x00007ffcb39ca000 	C:\WINDOWS\System32\GDI32.dll
0x00007ffcb2780000 - 0x00007ffcb288b000 	C:\WINDOWS\System32\gdi32full.dll
0x00007ffcb2330000 - 0x00007ffcb23cd000 	C:\WINDOWS\System32\msvcp_win.dll
0x00007ffca3f20000 - 0x00007ffca3f2a000 	C:\WINDOWS\SYSTEM32\VERSION.dll
0x00007ffcb3d50000 - 0x00007ffcb3d80000 	C:\WINDOWS\System32\IMM32.DLL
0x00007ffcaed00000 - 0x00007ffcaed0c000 	C:\Program Files\Java\jdk-15.0.2\bin\vcruntime140_1.dll
0x00007ffc85d20000 - 0x00007ffc85db1000 	C:\Program Files\Java\jdk-15.0.2\bin\msvcp140.dll
0x00007ffc7afd0000 - 0x00007ffc7bb2e000 	C:\Program Files\Java\jdk-15.0.2\bin\server\jvm.dll
0x00007ffcb3eb0000 - 0x00007ffcb3eb8000 	C:\WINDOWS\System32\PSAPI.DLL
0x00007ffcae060000 - 0x00007ffcae069000 	C:\WINDOWS\SYSTEM32\WSOCK32.dll
0x00007ffca6ef0000 - 0x00007ffca6f17000 	C:\WINDOWS\SYSTEM32\WINMM.dll
0x00007ffcb3a80000 - 0x00007ffcb3aeb000 	C:\WINDOWS\System32\WS2_32.dll
0x00007ffcb0470000 - 0x00007ffcb0482000 	C:\WINDOWS\SYSTEM32\kernel.appcore.dll
0x00007ffcadfa0000 - 0x00007ffcadfaa000 	C:\Program Files\Java\jdk-15.0.2\bin\jimage.dll
0x00007ffc9e1e0000 - 0x00007ffc9e3c4000 	C:\WINDOWS\SYSTEM32\DBGHELP.DLL
0x00007ffc9e580000 - 0x00007ffc9e5ac000 	C:\WINDOWS\SYSTEM32\dbgcore.DLL
0x00007ffcb2b80000 - 0x00007ffcb2c00000 	C:\WINDOWS\System32\bcryptPrimitives.dll
0x00007ffc9d290000 - 0x00007ffc9d2b5000 	C:\Program Files\Java\jdk-15.0.2\bin\java.dll
0x00007ffcb4360000 - 0x00007ffcb4aa2000 	C:\WINDOWS\System32\SHELL32.dll
0x00007ffcb0490000 - 0x00007ffcb0c20000 	C:\WINDOWS\SYSTEM32\windows.storage.dll
0x00007ffcb3120000 - 0x00007ffcb3475000 	C:\WINDOWS\System32\combase.dll
0x00007ffcb1d30000 - 0x00007ffcb1d5c000 	C:\WINDOWS\SYSTEM32\Wldp.dll
0x00007ffcb3af0000 - 0x00007ffcb3b9e000 	C:\WINDOWS\System32\SHCORE.dll
0x00007ffcb3f50000 - 0x00007ffcb3fa5000 	C:\WINDOWS\System32\shlwapi.dll
0x00007ffcb2270000 - 0x00007ffcb228f000 	C:\WINDOWS\SYSTEM32\profapi.dll
0x00007ffc9f170000 - 0x00007ffc9f189000 	C:\Program Files\Java\jdk-15.0.2\bin\net.dll
0x00007ffca5540000 - 0x00007ffca564c000 	C:\WINDOWS\SYSTEM32\WINHTTP.dll
0x00007ffcb1a50000 - 0x00007ffcb1aba000 	C:\WINDOWS\system32\mswsock.dll
0x00007ffc9eec0000 - 0x00007ffc9eed2000 	C:\Program Files\Java\jdk-15.0.2\bin\nio.dll
0x00007ffc9cb80000 - 0x00007ffc9cb98000 	C:\Program Files\Java\jdk-15.0.2\bin\zip.dll
0x00007ffc85dc0000 - 0x00007ffc85f40000 	C:\Program Files\Java\jdk-15.0.2\bin\awt.dll
0x00007ffcb4290000 - 0x00007ffcb435d000 	C:\WINDOWS\System32\OLEAUT32.dll
0x00007ffcaf4f0000 - 0x00007ffcaf580000 	C:\WINDOWS\SYSTEM32\apphelp.dll
0x00007ffcaf940000 - 0x00007ffcaf96f000 	C:\WINDOWS\system32\DWMAPI.DLL
0x00007ffcaf6c0000 - 0x00007ffcaf75e000 	C:\WINDOWS\system32\uxtheme.dll
0x00007ffc97170000 - 0x00007ffc97296000 	C:\WINDOWS\system32\opengl32.dll
0x00007ffca03c0000 - 0x00007ffca03ec000 	C:\WINDOWS\SYSTEM32\GLU32.dll
0x00007ffcb3bb0000 - 0x00007ffcb3cc5000 	C:\WINDOWS\System32\MSCTF.dll
0x00007ffcb4160000 - 0x00007ffcb428a000 	C:\WINDOWS\System32\ole32.dll
0x00007ffcae2d0000 - 0x00007ffcae2fd000 	C:\Program Files\Java\jdk-15.0.2\bin\javajpeg.dll
0x00007ffcb1780000 - 0x00007ffcb184b000 	C:\WINDOWS\SYSTEM32\DNSAPI.dll
0x00007ffcb1740000 - 0x00007ffcb177b000 	C:\WINDOWS\SYSTEM32\IPHLPAPI.DLL
0x00007ffcb39d0000 - 0x00007ffcb39d8000 	C:\WINDOWS\System32\NSI.dll
0x00007ffca5010000 - 0x00007ffca501a000 	C:\Windows\System32\rasadhlp.dll
0x00007ffca5730000 - 0x00007ffca57af000 	C:\WINDOWS\System32\fwpuclnt.dll
0x00007ffcb2750000 - 0x00007ffcb2777000 	C:\WINDOWS\System32\bcrypt.dll
0x00007ffcae7f0000 - 0x00007ffcae7fd000 	C:\Program Files\Java\jdk-15.0.2\bin\sunmscapi.dll
0x00007ffcb2a20000 - 0x00007ffcb2b7f000 	C:\WINDOWS\System32\CRYPT32.dll
0x00007ffcb1da0000 - 0x00007ffcb1dc7000 	C:\WINDOWS\SYSTEM32\ncrypt.dll
0x00007ffcb1d60000 - 0x00007ffcb1d9b000 	C:\WINDOWS\SYSTEM32\NTASN1.dll
0x00007ffcb1c20000 - 0x00007ffcb1c38000 	C:\WINDOWS\SYSTEM32\CRYPTSP.dll
0x00007ffcb13f0000 - 0x00007ffcb1424000 	C:\WINDOWS\system32\rsaenh.dll
0x00007ffcb2230000 - 0x00007ffcb225e000 	C:\WINDOWS\SYSTEM32\USERENV.dll
0x00007ffcb1c40000 - 0x00007ffcb1c4c000 	C:\WINDOWS\SYSTEM32\CRYPTBASE.dll
0x00007ffcaa2e0000 - 0x00007ffcaa2f7000 	C:\WINDOWS\SYSTEM32\dhcpcsvc6.DLL
0x00007ffcaa5d0000 - 0x00007ffcaa5ed000 	C:\WINDOWS\SYSTEM32\dhcpcsvc.DLL
0x00007ffc85c90000 - 0x00007ffc85d15000 	C:\Program Files\Java\jdk-15.0.2\bin\freetype.dll
0x00007ffc80cd0000 - 0x00007ffc80d79000 	C:\Program Files\Java\jdk-15.0.2\bin\fontmanager.dll
0x00007ffcb2fb0000 - 0x00007ffcb3059000 	C:\WINDOWS\System32\clbcatq.dll
0x00007ffcab7b0000 - 0x00007ffcab964000 	C:\WINDOWS\SYSTEM32\WindowsCodecs.dll
0x00007ffc9f030000 - 0x00007ffc9f06e000 	C:\WINDOWS\system32\dataexchange.dll
0x00007ffcad940000 - 0x00007ffcadba4000 	C:\WINDOWS\system32\d3d11.dll
0x00007ffcadbc0000 - 0x00007ffcadda7000 	C:\WINDOWS\system32\dcomp.dll
0x00007ffcb0c80000 - 0x00007ffcb0d73000 	C:\WINDOWS\system32\dxgi.dll
0x00007ffcab370000 - 0x00007ffcab571000 	C:\WINDOWS\system32\twinapi.appcore.dll
0x00007ffcabb10000 - 0x00007ffcabc0b000 	C:\WINDOWS\SYSTEM32\textinputframework.dll
0x00007ffcae6a0000 - 0x00007ffcae792000 	C:\WINDOWS\System32\CoreMessaging.dll
0x00007ffcae340000 - 0x00007ffcae69e000 	C:\WINDOWS\System32\CoreUIComponents.dll
0x00007ffcaee30000 - 0x00007ffcaef84000 	C:\WINDOWS\SYSTEM32\wintypes.dll
0x00007ffcb1080000 - 0x00007ffcb10b3000 	C:\WINDOWS\SYSTEM32\ntmarta.dll
0x00007ffc98270000 - 0x00007ffc98566000 	C:\WINDOWS\SYSTEM32\uiautomationcore.dll
0x00007ffcaf090000 - 0x00007ffcaf187000 	C:\WINDOWS\SYSTEM32\PROPSYS.dll
0x00007ffc9b6a0000 - 0x00007ffc9b706000 	C:\WINDOWS\SYSTEM32\OLEACC.dll

dbghelp: loaded successfully - version: 4.0.5 - missing functions: none
symbol engine: initialized successfully - sym options: 0x614 - pdb path: .;C:\Program Files\Java\jdk-15.0.2\bin;C:\WINDOWS\SYSTEM32;C:\WINDOWS\WinSxS\amd64_microsoft.windows.common-controls_6595b64144ccf1df_6.0.19041.844_none_ca00b6081b84eb1d;C:\Program Files\Java\jdk-15.0.2\bin\server

VM Arguments:
jvm_args: -Dfile.encoding=UTF-8 
java_command: travel.management.system.PersonalDetail
java_class_path (initial): C:\Users\S_Huzaifa_Ali_H\Downloads\mysql-connector-java-8.0.23\mysql-connector-java-8.0.23.jar;C:\Users\S_Huzaifa_Ali_H\Documents\NetBeansProjects\Travel Management System\build\classes
Launcher Type: SUN_STANDARD

[Global flags]
     intx CICompilerCount                          = 3                                         {product} {ergonomic}
     uint ConcGCThreads                            = 1                                         {product} {ergonomic}
     uint G1ConcRefinementThreads                  = 4                                         {product} {ergonomic}
   size_t G1HeapRegionSize                         = 1048576                                   {product} {ergonomic}
    uintx GCDrainStackTargetSize                   = 64                                        {product} {ergonomic}
   size_t InitialHeapSize                          = 134217728                                 {product} {ergonomic}
   size_t MarkStackSize                            = 4194304                                   {product} {ergonomic}
   size_t MaxHeapSize                              = 2116026368                                {product} {ergonomic}
   size_t MaxNewSize                               = 1268776960                                {product} {ergonomic}
   size_t MinHeapDeltaBytes                        = 1048576                                   {product} {ergonomic}
   size_t MinHeapSize                              = 8388608                                   {product} {ergonomic}
    uintx NonNMethodCodeHeapSize                   = 5832780                                {pd product} {ergonomic}
    uintx NonProfiledCodeHeapSize                  = 122912730                              {pd product} {ergonomic}
    uintx ProfiledCodeHeapSize                     = 122912730                              {pd product} {ergonomic}
    uintx ReservedCodeCacheSize                    = 251658240                              {pd product} {ergonomic}
     bool SegmentedCodeCache                       = true                                      {product} {ergonomic}
   size_t SoftMaxHeapSize                          = 2116026368                             {manageable} {ergonomic}
     bool UseCompressedClassPointers               = true                                 {lp64_product} {ergonomic}
     bool UseCompressedOops                        = true                                 {lp64_product} {ergonomic}
     bool UseG1GC                                  = true                                      {product} {ergonomic}
     bool UseLargePagesIndividualAllocation        = false                                  {pd product} {ergonomic}

Logging:
Log output configuration:
 #0: stdout all=warning uptime,level,tags
 #1: stderr all=off uptime,level,tags

Environment Variables:
JAVA_HOME=C:\Program Files\Java\jdk-15.0.2
PATH=C:\Program Files\Common Files\Oracle\Java\javapath;C:\WINDOWS\system32;C:\WINDOWS;C:\WINDOWS\System32\Wbem;C:\WINDOWS\System32\WindowsPowerShell\v1.0\;C:\WINDOWS\System32\OpenSSH\;C:\Program Files\MATLAB\R2018a\runtime\win64;C:\Program Files\MATLAB\R2018a\bin;C:\Program Files\Java\jdk-15.0.2\bin;C:\Program Files\MySQL\MySQL Shell 8.0\bin\;C:\Users\S_Huzaifa_Ali_H\Anaconda3;C:\Users\S_Huzaifa_Ali_H\Anaconda3\Library\mingw-w64\bin;C:\Users\S_Huzaifa_Ali_H\Anaconda3\Library\usr\bin;C:\Users\S_Huzaifa_Ali_H\Anaconda3\Library\bin;C:\Users\S_Huzaifa_Ali_H\Anaconda3\Scripts;C:\Users\S_Huzaifa_Ali_H\AppData\Local\Microsoft\WindowsApps;C:\Users\S_Huzaifa_Ali_H\AppData\Local\Programs\Microsoft VS Code\bin;C:\Program Files\JetBrains\IntelliJ IDEA Community Edition 2020.3.3\bin;
USERNAME=S_Huzaifa_Ali_H
OS=Windows_NT
PROCESSOR_IDENTIFIER=Intel64 Family 6 Model 61 Stepping 4, GenuineIntel



---------------  S Y S T E M  ---------------

OS:
 Windows 10 , 64 bit Build 19041 (10.0.19041.804)
OS uptime: 16 days 13:28 hours

CPU: total 4 (initial active 4) (2 cores per cpu, 2 threads per core) family 6 model 61 stepping 4 microcode 0x2f, cmov, cx8, fxsr, mmx, sse, sse2, sse3, ssse3, sse4.1, sse4.2, popcnt, vzeroupper, avx, avx2, aes, clmul, erms, rtm, 3dnowpref, lzcnt, ht, tsc, tscinvbit, bmi1, bmi2, adx, fma, clflush

Memory: 4k page, system-wide physical 8067M (2635M free)
TotalPageFile size 20489M (AvailPageFile size 0M)
current process WorkingSet (physical memory assigned to process): 120M, peak: 131M
current process commit charge ("private bytes"): 242M, peak: 252M

vm_info: Java HotSpot(TM) 64-Bit Server VM (15.0.2+7-27) for windows-amd64 JRE (15.0.2+7-27), built on Dec  7 2020 20:07:01 by "mach5one" with unknown MS VC++:1925

END.
